2025-09-23 00:05:19 [INFO]: 🚀 Server running on port 5000
2025-09-23 00:05:20 [INFO]: 🚀 Server running on port 5000
2025-09-23 00:06:29 [INFO]: 🚀 Server running on port 5000
2025-09-23 00:06:59 [WARN]: Attempt to register existing admin: Visheshj865@gmail.com
2025-09-23 00:06:59 [INFO]: [0mPOST /api/admin/register [33m400[0m 19.653 ms - 34[0m
2025-09-23 00:07:29 [INFO]: 🚀 Server running on port 5000
2025-09-23 00:07:35 [INFO]: 🚀 Server running on port 5000
2025-09-23 00:07:35 [INFO]: ✅ MongoDB connected
2025-09-23 00:08:02 [INFO]: 🚀 Server running on port 5000
2025-09-23 00:08:02 [INFO]: ✅ MongoDB connected
2025-09-23 00:08:05 [INFO]: 🚀 Server running on port 5000
2025-09-23 00:08:05 [INFO]: ✅ MongoDB connected
2025-09-23 00:12:59 [INFO]: ✅ Admin logged in: Visheshj865@gmail.com
2025-09-23 00:12:59 [INFO]: [0mPOST /api/admin/login [32m200[0m 170.873 ms - 248[0m
2025-09-23 01:06:11 [INFO]: 🚀 Server running on port 5000
2025-09-23 01:06:11 [INFO]: ✅ MongoDB connected
2025-09-23 01:06:22 [INFO]: 🚀 Server running on port 5000
2025-09-23 01:06:22 [INFO]: ✅ MongoDB connected
2025-09-23 01:06:30 [INFO]: 🚀 Server running on port 5000
2025-09-23 01:06:30 [INFO]: ✅ MongoDB connected
2025-09-23 01:06:42 [INFO]: 🚀 Server running on port 5000
2025-09-23 01:06:42 [INFO]: ✅ MongoDB connected
2025-09-23 01:06:57 [INFO]: 🚀 Server running on port 5000
2025-09-23 01:06:57 [INFO]: ✅ MongoDB connected
2025-09-23 01:07:44 [INFO]: 🚀 Server running on port 5000
2025-09-23 01:07:44 [INFO]: ✅ MongoDB connected
2025-09-23 01:07:47 [INFO]: 🚀 Server running on port 5000
2025-09-23 01:07:47 [INFO]: ✅ MongoDB connected
2025-09-23 01:08:05 [INFO]: 🚀 Server running on port 5000
2025-09-23 01:08:05 [INFO]: ✅ MongoDB connected
2025-09-23 01:08:07 [INFO]: 🚀 Server running on port 5000
2025-09-23 01:08:07 [INFO]: ✅ MongoDB connected
2025-09-23 01:08:20 [INFO]: 🚀 Server running on port 5000
2025-09-23 01:08:20 [INFO]: ✅ MongoDB connected
2025-09-23 01:08:29 [INFO]: 🚀 Server running on port 5000
2025-09-23 01:08:29 [INFO]: ✅ MongoDB connected
2025-09-23 01:08:41 [INFO]: 🚀 Server running on port 5000
2025-09-23 01:08:41 [INFO]: ✅ MongoDB connected
2025-09-23 01:08:43 [INFO]: 🚀 Server running on port 5000
2025-09-23 01:08:43 [INFO]: ✅ MongoDB connected
2025-09-23 01:12:24 [INFO]: 🚀 Server running on port 5000
2025-09-23 01:12:24 [INFO]: ✅ MongoDB connected
2025-09-23 01:23:24 [INFO]: 🚀 Server running on port 5000
2025-09-23 01:23:24 [INFO]: ✅ MongoDB connected
2025-09-23 01:33:43 [INFO]: ✅ MongoDB connected
2025-09-23 01:33:43 [INFO]: 🚀 Server running on port 5000
2025-09-23 01:34:03 [INFO]: [0mGET /api/movies [32m200[0m 24.113 ms - 42[0m
2025-09-23 01:34:03 [INFO]: [0mGET /api/movies [36m304[0m 3.474 ms - -[0m
2025-09-23 01:34:29 [INFO]: [0mPOST /api/movies [32m201[0m 4585.850 ms - 939[0m
2025-09-23 01:34:31 [INFO]: [0mGET /api/movies [32m200[0m 33.778 ms - 981[0m
2025-09-23 01:36:37 [INFO]: [0mPOST /api/movies [32m201[0m 3533.253 ms - 1198[0m
2025-09-23 01:36:38 [INFO]: [0mGET /api/movies [32m200[0m 11.416 ms - 2180[0m
2025-09-23 01:37:51 [INFO]: ✅ MongoDB connected
2025-09-23 01:37:51 [INFO]: 🚀 Server running on port 5000
2025-09-23 01:38:09 [INFO]: [0mGET /api/movies [36m304[0m 19.793 ms - -[0m
2025-09-23 01:43:47 [INFO]: [0mGET /api/movies [36m304[0m 5.857 ms - -[0m
2025-09-23 01:43:58 [INFO]: [0mPUT /api/movies/68d1ac4db63c0dbcd8284189 [32m200[0m 91.447 ms - 1201[0m
2025-09-23 01:43:59 [INFO]: [0mGET /api/movies [32m200[0m 19.923 ms - 2183[0m
2025-09-23 01:44:07 [INFO]: [0mDELETE /api/movies/68d1abcdb63c0dbcd8284185 [32m200[0m 1592.348 ms - 21[0m
2025-09-23 01:44:07 [INFO]: [0mGET /api/movies [32m200[0m 3.425 ms - 1243[0m
2025-09-23 01:46:32 [INFO]: ✅ MongoDB connected
2025-09-23 01:46:32 [INFO]: 🚀 Server running on port 5000
2025-09-23 01:46:35 [INFO]: ✅ MongoDB connected
2025-09-23 01:46:35 [INFO]: 🚀 Server running on port 5000
2025-09-23 01:47:02 [INFO]: ✅ MongoDB connected
2025-09-23 01:47:02 [INFO]: 🚀 Server running on port 5000
2025-09-23 01:47:06 [INFO]: ✅ MongoDB connected
2025-09-23 01:47:06 [INFO]: 🚀 Server running on port 5000
2025-09-23 01:47:07 [INFO]: ✅ MongoDB connected
2025-09-23 01:47:07 [INFO]: 🚀 Server running on port 5000
2025-09-23 01:47:09 [INFO]: ✅ MongoDB connected
2025-09-23 01:47:09 [INFO]: 🚀 Server running on port 5000
2025-09-23 01:47:10 [INFO]: ✅ MongoDB connected
2025-09-23 01:47:10 [INFO]: 🚀 Server running on port 5000
2025-09-23 01:47:19 [INFO]: ✅ MongoDB connected
2025-09-23 01:47:19 [INFO]: 🚀 Server running on port 5000
2025-09-23 01:47:21 [INFO]: ✅ MongoDB connected
2025-09-23 01:47:21 [INFO]: 🚀 Server running on port 5000
2025-09-23 01:47:31 [INFO]: ✅ MongoDB connected
2025-09-23 01:47:31 [INFO]: 🚀 Server running on port 5000
2025-09-23 01:47:39 [INFO]: ✅ MongoDB connected
2025-09-23 01:47:40 [INFO]: ✅ MongoDB connected
2025-09-23 01:47:40 [INFO]: 🚀 Server running on port 5000
2025-09-23 01:47:56 [INFO]: ✅ MongoDB connected
2025-09-23 01:47:56 [INFO]: 🚀 Server running on port 5000
2025-09-23 01:48:00 [INFO]: ✅ MongoDB connected
2025-09-23 01:48:00 [INFO]: 🚀 Server running on port 5000
2025-09-23 01:48:02 [INFO]: ✅ MongoDB connected
2025-09-23 01:48:02 [INFO]: 🚀 Server running on port 5000
2025-09-23 01:48:18 [INFO]: ✅ MongoDB connected
2025-09-23 01:48:18 [INFO]: 🚀 Server running on port 5000
2025-09-23 01:48:23 [INFO]: ✅ MongoDB connected
2025-09-23 01:48:23 [INFO]: 🚀 Server running on port 5000
2025-09-23 01:48:57 [INFO]: ✅ MongoDB connected
2025-09-23 01:48:57 [INFO]: 🚀 Server running on port 5000
2025-09-23 01:49:01 [INFO]: ✅ MongoDB connected
2025-09-23 01:49:01 [INFO]: 🚀 Server running on port 5000
2025-09-23 01:49:04 [INFO]: ✅ MongoDB connected
2025-09-23 01:49:04 [INFO]: 🚀 Server running on port 5000
2025-09-23 01:49:06 [INFO]: ✅ MongoDB connected
2025-09-23 01:49:06 [INFO]: 🚀 Server running on port 5000
2025-09-23 01:49:07 [INFO]: ✅ MongoDB connected
2025-09-23 01:49:07 [INFO]: 🚀 Server running on port 5000
2025-09-23 01:58:40 [INFO]: [0mPOST /api/auth/forgot-password [32m200[0m 34.590 ms - 52[0m
2025-09-23 02:08:43 [INFO]: [0mPOST /api/auth/register [32m201[0m 106.277 ms - 368[0m
2025-09-23 02:14:15 [INFO]: ✅ MongoDB connected
2025-09-23 02:14:15 [INFO]: 🚀 Server running on port 5000
2025-09-23 10:56:06 [INFO]: ✅ MongoDB connected
2025-09-23 10:56:06 [INFO]: 🚀 Server running on port 5000
2025-09-23 10:56:10 [INFO]: [0mGET /api/movies [36m304[0m 55.095 ms - -[0m
2025-09-23 10:56:10 [INFO]: [0mGET /api/movies [36m304[0m 5.307 ms - -[0m
2025-09-23 10:56:32 [INFO]: [0mPOST /api/auth/login [32m200[0m 424.468 ms - 368[0m
2025-09-23 10:58:18 [INFO]: [0mGET /api/movies [36m304[0m 13.883 ms - -[0m
2025-09-23 10:58:18 [INFO]: [0mGET /api/movies [36m304[0m 11.035 ms - -[0m
2025-09-23 11:08:29 [INFO]: [0mGET /api/movies [32m200[0m 12.174 ms - 8340[0m
2025-09-23 11:08:29 [INFO]: [0mGET /api/movies [36m304[0m 7.046 ms - -[0m
2025-09-23 11:08:51 [INFO]: [0mPUT /api/movies/68d23248cb01b44361eab49b [32m200[0m 99.957 ms - 827[0m
2025-09-23 11:08:52 [INFO]: [0mGET /api/movies [32m200[0m 35.247 ms - 8458[0m
2025-09-23 11:09:20 [INFO]: [0mGET /api/movies [32m200[0m 9.670 ms - 14822[0m
2025-09-23 11:09:20 [INFO]: [0mGET /api/movies [36m304[0m 8.868 ms - -[0m
2025-09-23 11:10:54 [INFO]: [0mGET /api/movies [32m200[0m 8.818 ms - 14822[0m
2025-09-23 11:10:54 [INFO]: [0mGET /api/movies [36m304[0m 5.614 ms - -[0m
2025-09-23 11:10:57 [INFO]: [0mGET /api/movies [36m304[0m 8.670 ms - -[0m
2025-09-23 11:10:57 [INFO]: [0mGET /api/movies [36m304[0m 6.228 ms - -[0m
2025-09-23 11:11:06 [INFO]: [0mGET /api/movies [36m304[0m 9.667 ms - -[0m
2025-09-23 11:11:06 [INFO]: [0mGET /api/movies [36m304[0m 11.729 ms - -[0m
2025-09-23 11:11:11 [INFO]: [0mGET /api/movies [36m304[0m 14.642 ms - -[0m
2025-09-23 11:11:11 [INFO]: [0mGET /api/movies [36m304[0m 10.779 ms - -[0m
2025-09-23 11:11:41 [INFO]: ✅ MongoDB connected
2025-09-23 11:11:41 [INFO]: 🚀 Server running on port 5000
2025-09-23 11:11:42 [INFO]: [0mGET /api/movies [32m200[0m 109.306 ms - 29954[0m
2025-09-23 11:11:42 [INFO]: [0mGET /api/movies [36m304[0m 51.005 ms - -[0m
2025-09-23 11:14:03 [INFO]: [0mGET /api/movies [36m304[0m 17.486 ms - -[0m
2025-09-23 11:14:03 [INFO]: [0mGET /api/movies [36m304[0m 11.670 ms - -[0m
2025-09-23 11:14:35 [INFO]: ✅ MongoDB connected
2025-09-23 11:14:35 [INFO]: 🚀 Server running on port 5000
2025-09-23 11:14:37 [INFO]: [0mGET /api/movies [32m200[0m 31.184 ms - 13763[0m
2025-09-23 11:14:37 [INFO]: [0mGET /api/movies [36m304[0m 9.975 ms - -[0m
2025-09-23 11:14:41 [INFO]: [0mGET /api/movies [36m304[0m 11.515 ms - -[0m
2025-09-23 11:14:41 [INFO]: [0mGET /api/movies [36m304[0m 10.454 ms - -[0m
2025-09-23 11:14:51 [INFO]: ✅ MongoDB connected
2025-09-23 11:14:51 [INFO]: 🚀 Server running on port 5000
2025-09-23 11:16:32 [INFO]: ✅ MongoDB connected
2025-09-23 11:16:32 [INFO]: 🚀 Server running on port 5000
2025-09-23 11:16:48 [INFO]: ✅ MongoDB connected
2025-09-23 11:16:48 [INFO]: 🚀 Server running on port 5000
2025-09-23 11:18:28 [INFO]: [0mGET /api/api/movies/latest?limit=5 [33m404[0m 3.109 ms - 29[0m
2025-09-23 11:18:28 [INFO]: [0mGET /api/api/movies/latest?limit=5 [33m404[0m 0.319 ms - 29[0m
2025-09-23 11:18:44 [INFO]: [0mGET /api/movies/latest?limit=5 [31m500[0m 5.965 ms - 131[0m
2025-09-23 11:18:44 [INFO]: [0mGET /api/movies/latest?limit=5 [31m500[0m 0.642 ms - 131[0m
2025-09-23 11:18:46 [INFO]: [0mGET /api/movies/latest?limit=5 [31m500[0m 1.033 ms - 131[0m
2025-09-23 11:18:46 [INFO]: [0mGET /api/movies/latest?limit=5 [31m500[0m 1.892 ms - 131[0m
2025-09-23 11:19:13 [INFO]: ✅ MongoDB connected
2025-09-23 11:19:14 [INFO]: 🚀 Server running on port 5000
2025-09-23 11:19:15 [INFO]: [0mGET /api/movies/latest?limit=5 [31m500[0m 7.521 ms - 131[0m
2025-09-23 11:19:15 [INFO]: [0mGET /api/movies/latest?limit=5 [31m500[0m 0.974 ms - 131[0m
2025-09-23 11:20:11 [INFO]: ✅ MongoDB connected
2025-09-23 11:20:11 [INFO]: 🚀 Server running on port 5000
2025-09-23 11:20:12 [INFO]: [0mGET /api/movies/latest?limit=5 [32m200[0m 24.534 ms - 3502[0m
2025-09-23 11:22:56 [INFO]: [0mGET /api/api/movies/latest?type=bollywood-movies&limit=10 [33m404[0m 1.044 ms - 29[0m
2025-09-23 11:22:56 [INFO]: [0mGET /api/api/movies/latest?type=south-hindi-dubbed&limit=10 [33m404[0m 0.507 ms - 29[0m
2025-09-23 11:22:56 [INFO]: [0mGET /api/api/movies/latest?type=hollywood-movies&limit=10 [33m404[0m 0.366 ms - 29[0m
2025-09-23 11:22:56 [INFO]: [0mGET /api/api/movies/latest?type=web-series&limit=10 [33m404[0m 0.576 ms - 29[0m
2025-09-23 11:22:56 [INFO]: [0mGET /api/api/movies/latest?type=bollywood-movies&limit=10 [33m404[0m 0.473 ms - 29[0m
2025-09-23 11:22:56 [INFO]: [0mGET /api/api/movies/latest?type=south-hindi-dubbed&limit=10 [33m404[0m 0.287 ms - 29[0m
2025-09-23 11:22:56 [INFO]: [0mGET /api/api/movies/latest?type=hollywood-movies&limit=10 [33m404[0m 0.354 ms - 29[0m
2025-09-23 11:22:56 [INFO]: [0mGET /api/api/movies/latest?type=web-series&limit=10 [33m404[0m 0.934 ms - 29[0m
2025-09-23 11:23:33 [INFO]: [0mGET /api/movies/latest?type=bollywood-movies&limit=10 [32m200[0m 16.526 ms - 6644[0m
2025-09-23 11:23:33 [INFO]: [0mGET /api/movies/latest?type=south-hindi-dubbed&limit=10 [32m200[0m 16.085 ms - 6816[0m
2025-09-23 11:23:33 [INFO]: [0mGET /api/movies/latest?type=hollywood-movies&limit=10 [32m200[0m 15.182 ms - 3492[0m
2025-09-23 11:23:33 [INFO]: [0mGET /api/movies/latest?type=web-series&limit=10 [32m200[0m 19.246 ms - 1413[0m
2025-09-23 11:23:34 [INFO]: [0mGET /api/movies/latest?limit=5 [36m304[0m 5.352 ms - -[0m
2025-09-23 11:28:38 [INFO]: [0mGET /api/movies/latest?type=bollywood-movies&limit=10 [36m304[0m 10.291 ms - -[0m
2025-09-23 11:28:38 [INFO]: [0mGET /api/movies/latest?type=south-hindi-dubbed&limit=10 [36m304[0m 10.441 ms - -[0m
2025-09-23 11:28:38 [INFO]: [0mGET /api/movies/latest?type=hollywood-movies&limit=10 [36m304[0m 10.976 ms - -[0m
2025-09-23 11:28:38 [INFO]: [0mGET /api/movies/latest?type=web-series&limit=10 [36m304[0m 9.598 ms - -[0m
2025-09-23 11:32:59 [INFO]: [0mGET /api/movies/latest?type=bollywood-movies&limit=10 [36m304[0m 8.686 ms - -[0m
2025-09-23 11:32:59 [INFO]: [0mGET /api/movies/latest?type=south-hindi-dubbed&limit=10 [36m304[0m 10.653 ms - -[0m
2025-09-23 11:32:59 [INFO]: [0mGET /api/movies/latest?type=hollywood-movies&limit=10 [36m304[0m 10.972 ms - -[0m
2025-09-23 11:32:59 [INFO]: [0mGET /api/movies/latest?type=web-series&limit=10 [36m304[0m 8.125 ms - -[0m
2025-09-23 11:44:45 [INFO]: ✅ MongoDB connected
2025-09-23 11:44:45 [INFO]: 🚀 Server running on port 5000
2025-09-23 11:44:49 [INFO]: ✅ MongoDB connected
2025-09-23 11:44:49 [INFO]: 🚀 Server running on port 5000
2025-09-23 11:44:57 [INFO]: ✅ MongoDB connected
2025-09-23 11:44:57 [INFO]: 🚀 Server running on port 5000
2025-09-23 11:45:00 [INFO]: ✅ MongoDB connected
2025-09-23 11:45:00 [INFO]: 🚀 Server running on port 5000
2025-09-23 11:45:07 [INFO]: ✅ MongoDB connected
2025-09-23 11:45:07 [INFO]: 🚀 Server running on port 5000
2025-09-23 11:45:21 [INFO]: ✅ MongoDB connected
2025-09-23 11:45:21 [INFO]: 🚀 Server running on port 5000
2025-09-23 11:45:32 [INFO]: ✅ MongoDB connected
2025-09-23 11:45:32 [INFO]: 🚀 Server running on port 5000
2025-09-23 11:45:34 [INFO]: ✅ MongoDB connected
2025-09-23 11:45:34 [INFO]: 🚀 Server running on port 5000
2025-09-23 11:45:36 [INFO]: ✅ MongoDB connected
2025-09-23 11:45:36 [INFO]: 🚀 Server running on port 5000
2025-09-23 11:45:37 [INFO]: ✅ MongoDB connected
2025-09-23 11:45:37 [INFO]: 🚀 Server running on port 5000
2025-09-23 11:46:18 [INFO]: ✅ MongoDB connected
2025-09-23 11:46:18 [INFO]: 🚀 Server running on port 5000
2025-09-23 11:51:59 [INFO]: [0mGET /api/api/movies/undefined [33m404[0m 3.129 ms - 29[0m
2025-09-23 11:52:27 [INFO]: [0mGET /api/api/movies/categories?bLimit=10&sLimit=10&hLimit=10&wLimit=10 [33m404[0m 0.416 ms - 29[0m
2025-09-23 11:52:27 [INFO]: [0mGET /api/api/favorites/ids [33m404[0m 0.424 ms - 29[0m
2025-09-23 11:52:27 [INFO]: [0mGET /api/movies/latest?limit=5 [36m304[0m 17.498 ms - -[0m
2025-09-23 11:52:27 [INFO]: [0mGET /api/api/favorites/ids [33m404[0m 0.769 ms - 29[0m
2025-09-23 11:52:27 [INFO]: [0mGET /api/api/movies/categories?bLimit=10&sLimit=10&hLimit=10&wLimit=10 [33m404[0m 0.348 ms - 29[0m
2025-09-23 11:53:09 [INFO]: [0mGET /api/api/movies/categories?bLimit=10&sLimit=10&hLimit=10&wLimit=10 [33m404[0m 0.297 ms - 29[0m
2025-09-23 11:53:09 [INFO]: [0mGET /api/api/favorites/ids [33m404[0m 0.224 ms - 29[0m
2025-09-23 11:53:09 [INFO]: [0mGET /api/api/movies/categories?bLimit=10&sLimit=10&hLimit=10&wLimit=10 [33m404[0m 0.403 ms - 29[0m
2025-09-23 11:53:09 [INFO]: [0mGET /api/api/favorites/ids [33m404[0m 0.729 ms - 29[0m
2025-09-23 11:53:22 [INFO]: [0mGET /api/api/favorites/ids [33m404[0m 0.490 ms - 29[0m
2025-09-23 11:53:22 [INFO]: [0mGET /api/api/movies/categories?bLimit=10&sLimit=10&hLimit=10&wLimit=10 [33m404[0m 0.488 ms - 29[0m
2025-09-23 11:53:22 [INFO]: [0mGET /api/api/movies/categories?bLimit=10&sLimit=10&hLimit=10&wLimit=10 [33m404[0m 0.506 ms - 29[0m
2025-09-23 11:53:22 [INFO]: [0mGET /api/api/favorites/ids [33m404[0m 0.740 ms - 29[0m
2025-09-23 11:53:52 [INFO]: [0mGET /api/movies/categories?bLimit=10&sLimit=10&hLimit=10&wLimit=10 [31m500[0m 1.962 ms - 135[0m
2025-09-23 11:53:52 [INFO]: [0mGET /api/favorites/ids [33m401[0m 0.379 ms - 26[0m
2025-09-23 11:53:52 [INFO]: [0mGET /api/movies/latest?limit=5 [36m304[0m 12.063 ms - -[0m
2025-09-23 11:53:52 [INFO]: [0mGET /api/movies/categories?bLimit=10&sLimit=10&hLimit=10&wLimit=10 [31m500[0m 1.546 ms - 135[0m
2025-09-23 11:53:52 [INFO]: [0mGET /api/favorites/ids [33m401[0m 0.273 ms - 26[0m
2025-09-23 11:59:05 [INFO]: [0mPOST /api/auth/login [32m200[0m 372.111 ms - 368[0m
2025-09-23 11:59:13 [INFO]: [0mGET /api/movies/categories?bLimit=10&sLimit=10&hLimit=10&wLimit=10 [31m500[0m 1.746 ms - 135[0m
2025-09-23 11:59:13 [INFO]: [0mGET /api/favorites/ids [33m401[0m 0.557 ms - 26[0m
2025-09-23 11:59:13 [INFO]: [0mGET /api/movies/latest?limit=5 [36m304[0m 13.087 ms - -[0m
2025-09-23 11:59:14 [INFO]: [0mGET /api/movies/categories?bLimit=10&sLimit=10&hLimit=10&wLimit=10 [31m500[0m 1.358 ms - 135[0m
2025-09-23 11:59:14 [INFO]: [0mGET /api/favorites/ids [33m401[0m 0.435 ms - 26[0m
2025-09-23 12:04:34 [INFO]: [0mGET /api/favorites/ids [33m401[0m 0.513 ms - 26[0m
2025-09-23 12:04:34 [INFO]: [0mGET /api/movies/categories?bLimit=10&sLimit=10&hLimit=10&wLimit=10 [31m500[0m 1.575 ms - 135[0m
2025-09-23 12:04:34 [INFO]: [0mGET /api/favorites/ids [33m401[0m 0.313 ms - 26[0m
2025-09-23 12:04:34 [INFO]: [0mGET /api/movies/latest?limit=5 [36m304[0m 10.069 ms - -[0m
2025-09-23 12:04:34 [INFO]: [0mGET /api/movies/categories?bLimit=10&sLimit=10&hLimit=10&wLimit=10 [31m500[0m 0.755 ms - 135[0m
2025-09-23 12:32:19 [INFO]: ✅ MongoDB connected
2025-09-23 12:32:19 [INFO]: 🚀 Server running on port 5000
2025-09-23 12:32:35 [INFO]: ✅ MongoDB connected
2025-09-23 12:32:35 [INFO]: 🚀 Server running on port 5000
2025-09-23 12:32:45 [INFO]: ✅ MongoDB connected
2025-09-23 12:32:45 [INFO]: 🚀 Server running on port 5000
2025-09-23 12:33:43 [INFO]: ✅ MongoDB connected
2025-09-23 12:33:43 [INFO]: 🚀 Server running on port 5000
2025-09-23 12:33:52 [INFO]: [0mGET /api/movies/categories?bLimit=10&sLimit=10&hLimit=10&wLimit=10 [31m500[0m 5.048 ms - 135[0m
2025-09-23 12:33:52 [INFO]: [0mGET /api/movies/latest?limit=5 [36m304[0m 34.227 ms - -[0m
2025-09-23 12:33:52 [INFO]: [0mGET /api/movies/categories?bLimit=10&sLimit=10&hLimit=10&wLimit=10 [31m500[0m 0.923 ms - 135[0m
2025-09-23 12:33:52 [INFO]: [0mGET /api/favorites/ids [32m200[0m 21.347 ms - 11[0m
2025-09-23 12:33:52 [INFO]: [0mGET /api/favorites/ids [36m304[0m 6.421 ms - -[0m
2025-09-23 12:33:55 [INFO]: [0mGET /api/movies/categories?bLimit=10&sLimit=10&hLimit=10&wLimit=10 [31m500[0m 1.278 ms - 135[0m
2025-09-23 12:33:55 [INFO]: [0mGET /api/movies/categories?bLimit=10&sLimit=10&hLimit=10&wLimit=10 [31m500[0m 1.652 ms - 135[0m
2025-09-23 12:33:55 [INFO]: [0mGET /api/favorites/ids [36m304[0m 8.981 ms - -[0m
2025-09-23 12:33:55 [INFO]: [0mGET /api/favorites/ids [36m304[0m 11.713 ms - -[0m
2025-09-23 13:35:34 [INFO]: [0mGET /api/movies/categories?bLimit=10&sLimit=10&hLimit=10&wLimit=10 [31m500[0m 1.388 ms - 135[0m
2025-09-23 13:35:34 [INFO]: [0mGET /api/favorites/ids [33m401[0m 0.580 ms - 31[0m
2025-09-23 13:35:34 [INFO]: [0mGET /api/movies/latest?limit=5 [36m304[0m 14.539 ms - -[0m
2025-09-23 13:35:34 [INFO]: [0mGET /api/movies/categories?bLimit=10&sLimit=10&hLimit=10&wLimit=10 [31m500[0m 1.843 ms - 135[0m
2025-09-23 13:35:34 [INFO]: [0mGET /api/favorites/ids [36m304[0m 7.215 ms - -[0m
2025-09-23 13:35:55 [INFO]: [0mGET /api/movies/categories?bLimit=10&sLimit=10&hLimit=10&wLimit=10 [31m500[0m 0.943 ms - 135[0m
2025-09-23 13:35:55 [INFO]: [0mGET /api/favorites/ids [33m401[0m 0.287 ms - 31[0m
2025-09-23 13:35:55 [INFO]: [0mGET /api/movies/categories?bLimit=10&sLimit=10&hLimit=10&wLimit=10 [31m500[0m 0.991 ms - 135[0m
2025-09-23 13:35:55 [INFO]: [0mGET /api/favorites/ids [36m304[0m 5.863 ms - -[0m
2025-09-23 13:36:21 [INFO]: [0mGET /api/movies/categories?bLimit=10&sLimit=10&hLimit=10&wLimit=10 [31m500[0m 1.444 ms - 135[0m
2025-09-23 13:36:21 [INFO]: [0mGET /api/favorites/ids [33m401[0m 0.442 ms - 31[0m
2025-09-23 13:36:21 [INFO]: [0mGET /api/movies/categories?bLimit=10&sLimit=10&hLimit=10&wLimit=10 [31m500[0m 0.921 ms - 135[0m
2025-09-23 13:36:21 [INFO]: [0mGET /api/favorites/ids [36m304[0m 4.296 ms - -[0m
2025-09-23 13:36:27 [INFO]: [0mGET /api/movies/categories?bLimit=10&sLimit=10&hLimit=10&wLimit=10 [31m500[0m 0.941 ms - 135[0m
2025-09-23 13:36:27 [INFO]: [0mGET /api/favorites/ids [33m401[0m 0.305 ms - 31[0m
2025-09-23 13:36:27 [INFO]: [0mGET /api/movies/categories?bLimit=10&sLimit=10&hLimit=10&wLimit=10 [31m500[0m 0.917 ms - 135[0m
2025-09-23 13:36:27 [INFO]: [0mGET /api/favorites/ids [36m304[0m 5.118 ms - -[0m
2025-09-23 13:40:06 [INFO]: ✅ Admin logged in: Visheshj865@gmail.com
2025-09-23 13:40:06 [INFO]: [0mPOST /api/admin/login [32m200[0m 66.390 ms - 248[0m
2025-09-23 13:40:07 [INFO]: [0mGET /api/movies/categories?bLimit=10&sLimit=10&hLimit=10&wLimit=10 [31m500[0m 0.925 ms - 135[0m
2025-09-23 13:40:07 [INFO]: [0mGET /api/favorites/ids [33m401[0m 0.226 ms - 31[0m
2025-09-23 13:40:07 [INFO]: [0mGET /api/movies/latest?limit=5 [36m304[0m 7.475 ms - -[0m
2025-09-23 13:40:07 [INFO]: [0mGET /api/movies/categories?bLimit=10&sLimit=10&hLimit=10&wLimit=10 [31m500[0m 0.773 ms - 135[0m
2025-09-23 13:40:07 [INFO]: [0mGET /api/favorites/ids [36m304[0m 2.736 ms - -[0m
2025-09-23 13:40:17 [INFO]: [0mGET /api/movies [32m200[0m 48.259 ms - 29954[0m
2025-09-23 13:40:17 [INFO]: [0mGET /api/movies [36m304[0m 13.944 ms - -[0m
2025-09-23 13:40:56 [INFO]: [0mGET /api/movies/categories?bLimit=10&sLimit=10&hLimit=10&wLimit=10 [31m500[0m 1.119 ms - 135[0m
2025-09-23 13:40:56 [INFO]: [0mGET /api/favorites/ids [33m401[0m 0.380 ms - 31[0m
2025-09-23 13:40:56 [INFO]: [0mGET /api/movies/categories?bLimit=10&sLimit=10&hLimit=10&wLimit=10 [31m500[0m 0.952 ms - 135[0m
2025-09-23 13:40:56 [INFO]: [0mGET /api/favorites/ids [36m304[0m 3.655 ms - -[0m
2025-09-23 13:41:12 [INFO]: [0mPOST /api/auth/login [32m200[0m 238.826 ms - 368[0m
2025-09-23 13:41:19 [INFO]: [0mGET /api/movies/categories?bLimit=10&sLimit=10&hLimit=10&wLimit=10 [31m500[0m 0.527 ms - 135[0m
2025-09-23 13:41:19 [INFO]: [0mGET /api/favorites/ids [33m401[0m 0.155 ms - 31[0m
2025-09-23 13:41:19 [INFO]: [0mGET /api/movies/latest?limit=5 [36m304[0m 4.979 ms - -[0m
2025-09-23 13:41:19 [INFO]: [0mGET /api/movies/categories?bLimit=10&sLimit=10&hLimit=10&wLimit=10 [31m500[0m 0.732 ms - 135[0m
2025-09-23 13:41:19 [INFO]: [0mGET /api/favorites/ids [36m304[0m 2.369 ms - -[0m
2025-09-23 13:41:25 [INFO]: [0mGET /api/movies/categories?bLimit=10&sLimit=10&hLimit=10&wLimit=10 [31m500[0m 1.125 ms - 135[0m
2025-09-23 13:41:25 [INFO]: [0mGET /api/movies/categories?bLimit=10&sLimit=10&hLimit=10&wLimit=10 [31m500[0m 0.830 ms - 135[0m
2025-09-23 13:41:25 [INFO]: [0mGET /api/favorites/ids [36m304[0m 5.755 ms - -[0m
2025-09-23 13:41:25 [INFO]: [0mGET /api/favorites/ids [36m304[0m 3.903 ms - -[0m
2025-09-23 13:43:00 [INFO]: ✅ MongoDB connected
2025-09-23 13:43:00 [INFO]: 🚀 Server running on port 5000
2025-09-23 13:43:07 [INFO]: ✅ MongoDB connected
2025-09-23 13:43:07 [INFO]: 🚀 Server running on port 5000
2025-09-23 13:43:10 [INFO]: [0mGET /api/movies/categories?bLimit=10&sLimit=10&hLimit=10&wLimit=10 [31m500[0m 6.104 ms - 135[0m
2025-09-23 13:43:10 [INFO]: [0mGET /api/favorites/ids [33m401[0m 0.537 ms - 31[0m
2025-09-23 13:43:10 [INFO]: [0mGET /api/movies/categories?bLimit=10&sLimit=10&hLimit=10&wLimit=10 [31m500[0m 1.593 ms - 135[0m
2025-09-23 13:43:10 [INFO]: [0mGET /api/movies/latest?limit=5 [36m304[0m 49.175 ms - -[0m
2025-09-23 13:43:10 [INFO]: [0mGET /api/favorites/ids [36m304[0m 7.234 ms - -[0m
2025-09-23 13:44:30 [INFO]: [0mGET /api/movies/categories?bLimit=10&sLimit=10&hLimit=10&wLimit=10 [31m500[0m 0.793 ms - 135[0m
2025-09-23 13:44:30 [INFO]: [0mGET /api/favorites/ids [33m401[0m 0.372 ms - 31[0m
2025-09-23 13:44:30 [INFO]: [0mGET /api/movies/latest?limit=5 [36m304[0m 15.206 ms - -[0m
2025-09-23 13:44:30 [INFO]: [0mGET /api/movies/categories?bLimit=10&sLimit=10&hLimit=10&wLimit=10 [31m500[0m 1.414 ms - 135[0m
2025-09-23 13:44:30 [INFO]: [0mGET /api/favorites/ids [36m304[0m 8.817 ms - -[0m
2025-09-23 13:48:26 [INFO]: ✅ MongoDB connected
2025-09-23 13:48:26 [INFO]: 🚀 Server running on port 5000
2025-09-23 13:48:44 [INFO]: ✅ MongoDB connected
2025-09-23 13:48:44 [INFO]: 🚀 Server running on port 5000
2025-09-23 13:49:19 [INFO]: ✅ MongoDB connected
2025-09-23 13:49:19 [INFO]: 🚀 Server running on port 5000
2025-09-23 13:49:20 [INFO]: ✅ MongoDB connected
2025-09-23 13:49:20 [INFO]: 🚀 Server running on port 5000
2025-09-23 13:49:26 [INFO]: [0mGET /api/favorites/ids [33m401[0m 2.587 ms - 31[0m
2025-09-23 13:49:26 [INFO]: [0mGET /api/movies/latest?limit=5 [36m304[0m 27.805 ms - -[0m
2025-09-23 13:49:26 [INFO]: [0mGET /api/favorites/ids [36m304[0m 11.378 ms - -[0m
2025-09-23 13:49:26 [INFO]: [0mGET /api/movies/categories?bLimit=10&sLimit=10&hLimit=10&wLimit=10 [32m200[0m 38.754 ms - 18381[0m
2025-09-23 14:23:15 [INFO]: [0mGET /api/movies/undefined [31m500[0m 2.387 ms - 134[0m
2025-09-23 14:23:15 [INFO]: [0mGET /api/movies/undefined [31m500[0m 0.732 ms - 134[0m
2025-09-23 14:23:54 [INFO]: [0mGET /api/movies/68d23248cb01b44361eab4a0 [32m200[0m 11.901 ms - 678[0m
2025-09-23 14:23:54 [INFO]: [0mGET /api/favorites/ids [36m304[0m 11.243 ms - -[0m
2025-09-23 14:24:03 [INFO]: [0mPOST /api/favorites/68d23248cb01b44361eab4a0 [32m201[0m 48.717 ms - 69[0m
2025-09-23 14:24:06 [INFO]: [0mGET /api/movies/latest?limit=5 [36m304[0m 41.692 ms - -[0m
2025-09-23 14:24:06 [INFO]: [0mGET /api/movies/categories?bLimit=10&sLimit=10&hLimit=10&wLimit=10 [36m304[0m 53.236 ms - -[0m
2025-09-23 14:24:06 [INFO]: [0mGET /api/favorites/ids [32m200[0m 42.011 ms - 37[0m
2025-09-23 14:24:06 [INFO]: [0mGET /api/favorites/ids [36m304[0m 6.222 ms - -[0m
2025-09-23 14:24:18 [INFO]: [0mGET /api/favorites/ids [36m304[0m 11.044 ms - -[0m
2025-09-23 14:24:18 [INFO]: [0mGET /api/favorites/ids [36m304[0m 9.461 ms - -[0m
2025-09-23 14:24:22 [INFO]: [0mGET /api/favorites/ids [36m304[0m 3.670 ms - -[0m
2025-09-23 14:24:22 [INFO]: [0mGET /api/movies/68d232b4cb01b44361eab4b0 [32m200[0m 3.787 ms - 706[0m
2025-09-23 14:24:22 [INFO]: [0mGET /api/favorites/ids [36m304[0m 3.959 ms - -[0m
2025-09-23 14:24:22 [INFO]: [0mGET /api/movies/68d232b4cb01b44361eab4b0 [36m304[0m 2.393 ms - -[0m
2025-09-23 14:24:53 [INFO]: [0mPOST /api/favorites/68d232b4cb01b44361eab4b0 [32m201[0m 16.448 ms - 69[0m
2025-09-23 14:24:54 [INFO]: [0mGET /api/favorites/ids [32m200[0m 12.681 ms - 64[0m
2025-09-23 14:24:54 [INFO]: [0mGET /api/favorites/ids [36m304[0m 7.636 ms - -[0m
2025-09-23 14:35:36 [INFO]: [0mGET /api/favorites/ids [36m304[0m 6.236 ms - -[0m
2025-09-23 14:35:36 [INFO]: [0mGET /api/movies/categories?bLimit=10&sLimit=10&hLimit=10&wLimit=10 [36m304[0m 8.689 ms - -[0m
2025-09-23 14:35:50 [INFO]: [0mGET /api/favorites/ids [36m304[0m 4.370 ms - -[0m
2025-09-23 14:35:50 [INFO]: [0mGET /api/favorites [32m200[0m 11.196 ms - 1338[0m
2025-09-23 14:36:14 [INFO]: [0mGET /api/favorites/ids [36m304[0m 3.722 ms - -[0m
2025-09-23 14:36:14 [INFO]: [0mGET /api/favorites [36m304[0m 8.328 ms - -[0m
2025-09-23 14:38:48 [INFO]: [0mPOST /api/auth/login [32m200[0m 172.290 ms - 368[0m
2025-09-23 14:38:54 [INFO]: [0mGET /api/favorites [33m401[0m 0.194 ms - 31[0m
2025-09-23 14:38:54 [INFO]: [0mGET /api/movies/latest?limit=5 [36m304[0m 7.119 ms - -[0m
2025-09-23 14:38:54 [INFO]: [0mGET /api/favorites/ids [33m401[0m 0.244 ms - 31[0m
2025-09-23 14:38:54 [INFO]: [0mGET /api/movies/categories?bLimit=10&sLimit=10&hLimit=10&wLimit=10 [36m304[0m 9.824 ms - -[0m
2025-09-23 14:38:54 [INFO]: [0mGET /api/favorites/ids [36m304[0m 4.431 ms - -[0m
2025-09-23 14:38:54 [INFO]: [0mGET /api/favorites [36m304[0m 9.531 ms - -[0m
2025-09-23 14:38:59 [INFO]: [0mGET /api/favorites [36m304[0m 13.762 ms - -[0m
2025-09-23 14:38:59 [INFO]: [0mGET /api/favorites [36m304[0m 18.034 ms - -[0m
2025-09-23 14:39:01 [INFO]: [0mGET /api/favorites/ids [36m304[0m 11.167 ms - -[0m
2025-09-23 14:39:01 [INFO]: [0mGET /api/favorites [36m304[0m 23.653 ms - -[0m
2025-09-23 14:39:01 [INFO]: [0mGET /api/favorites/ids [36m304[0m 19.431 ms - -[0m
2025-09-23 14:39:01 [INFO]: [0mGET /api/favorites [36m304[0m 17.053 ms - -[0m
2025-09-23 14:39:02 [INFO]: [0mGET /api/favorites [36m304[0m 13.102 ms - -[0m
2025-09-23 14:39:02 [INFO]: [0mGET /api/favorites [36m304[0m 18.377 ms - -[0m
2025-09-23 14:39:04 [INFO]: [0mGET /api/favorites/ids [36m304[0m 10.879 ms - -[0m
2025-09-23 14:39:04 [INFO]: [0mGET /api/favorites [36m304[0m 24.008 ms - -[0m
2025-09-23 14:39:04 [INFO]: [0mGET /api/favorites/ids [36m304[0m 18.024 ms - -[0m
2025-09-23 14:39:04 [INFO]: [0mGET /api/favorites [36m304[0m 19.820 ms - -[0m
2025-09-23 14:39:09 [INFO]: [0mGET /api/favorites/ids [36m304[0m 5.320 ms - -[0m
2025-09-23 14:39:09 [INFO]: [0mGET /api/favorites [36m304[0m 9.425 ms - -[0m
2025-09-23 14:39:09 [INFO]: [0mGET /api/favorites/ids [36m304[0m 6.444 ms - -[0m
2025-09-23 14:39:09 [INFO]: [0mGET /api/favorites [36m304[0m 7.170 ms - -[0m
2025-09-23 14:39:32 [INFO]: [0mGET /api/favorites [36m304[0m 12.398 ms - -[0m
2025-09-23 14:39:32 [INFO]: [0mGET /api/favorites [36m304[0m 15.275 ms - -[0m
2025-09-23 14:39:36 [INFO]: [0mGET /api/favorites [36m304[0m 27.069 ms - -[0m
2025-09-23 14:39:36 [INFO]: [0mGET /api/favorites/ids [36m304[0m 14.028 ms - -[0m
2025-09-23 14:39:36 [INFO]: [0mGET /api/favorites/ids [36m304[0m 12.569 ms - -[0m
2025-09-23 14:39:36 [INFO]: [0mGET /api/favorites [36m304[0m 26.674 ms - -[0m
2025-09-23 14:39:44 [INFO]: [0mGET /api/movies/68d2327fcb01b44361eab4a9 [32m200[0m 3.702 ms - 725[0m
2025-09-23 14:39:44 [INFO]: [0mGET /api/favorites/ids [36m304[0m 3.909 ms - -[0m
2025-09-23 14:39:44 [INFO]: [0mGET /api/movies/68d2327fcb01b44361eab4a9 [36m304[0m 3.530 ms - -[0m
2025-09-23 14:39:44 [INFO]: [0mGET /api/favorites/ids [36m304[0m 3.614 ms - -[0m
2025-09-23 14:39:46 [INFO]: [0mPOST /api/favorites/68d2327fcb01b44361eab4a9 [32m201[0m 15.158 ms - 69[0m
2025-09-23 14:39:51 [INFO]: [0mGET /api/favorites/ids [32m200[0m 9.740 ms - 91[0m
2025-09-23 14:39:51 [INFO]: [0mGET /api/favorites [32m200[0m 20.617 ms - 2029[0m
2025-09-23 14:39:51 [INFO]: [0mGET /api/favorites/ids [36m304[0m 11.617 ms - -[0m
2025-09-23 14:39:51 [INFO]: [0mGET /api/favorites [36m304[0m 12.943 ms - -[0m
2025-09-23 14:39:54 [INFO]: [0mGET /api/movies/latest?limit=5 [36m304[0m 39.021 ms - -[0m
2025-09-23 14:39:54 [INFO]: [0mGET /api/movies/categories?bLimit=10&sLimit=10&hLimit=10&wLimit=10 [36m304[0m 67.164 ms - -[0m
2025-09-23 14:39:54 [INFO]: [0mGET /api/favorites [36m304[0m 82.213 ms - -[0m
2025-09-23 14:39:54 [INFO]: [0mGET /api/favorites/ids [36m304[0m 77.042 ms - -[0m
2025-09-23 14:39:54 [INFO]: [0mGET /api/favorites [36m304[0m 16.819 ms - -[0m
2025-09-23 14:39:54 [INFO]: [0mGET /api/favorites/ids [36m304[0m 6.005 ms - -[0m
2025-09-23 14:42:03 [INFO]: [0mPOST /api/auth/forgot-password [31m500[0m 26.088 ms - 26[0m
2025-09-23 14:49:12 [INFO]: [0mGET /api/favorites [33m401[0m 0.323 ms - 31[0m
2025-09-23 14:49:12 [INFO]: [0mGET /api/movies/latest?limit=5 [36m304[0m 7.015 ms - -[0m
2025-09-23 14:49:12 [INFO]: [0mGET /api/favorites/ids [33m401[0m 0.236 ms - 31[0m
2025-09-23 14:49:12 [INFO]: [0mGET /api/movies/categories?bLimit=10&sLimit=10&hLimit=10&wLimit=10 [36m304[0m 7.684 ms - -[0m
2025-09-23 14:49:12 [INFO]: [0mGET /api/favorites/ids [36m304[0m 6.713 ms - -[0m
2025-09-23 14:49:12 [INFO]: [0mGET /api/favorites [36m304[0m 7.536 ms - -[0m
2025-09-23 14:52:49 [INFO]: [0mGET /api/movies?type=bollywood-movies&page=1&limit=24 [32m200[0m 28.489 ms - 10673[0m
2025-09-23 14:52:49 [INFO]: [0mGET /api/favorites/ids [36m304[0m 20.299 ms - -[0m
2025-09-23 14:52:49 [INFO]: [0mGET /api/movies?type=bollywood-movies&page=1&limit=24 [36m304[0m 22.344 ms - -[0m
2025-09-23 14:52:49 [INFO]: [0mGET /api/favorites/ids [36m304[0m 21.932 ms - -[0m
2025-09-23 14:52:52 [INFO]: [0mGET /api/movies?type=bollywood-movies&page=1&limit=36 [32m200[0m 20.347 ms - 10673[0m
2025-09-23 14:52:53 [INFO]: [0mGET /api/movies?type=bollywood-movies&page=1&limit=48 [32m200[0m 21.311 ms - 10673[0m
2025-09-23 14:52:58 [INFO]: [0mGET /api/movies?type=bollywood-movies&page=1&limit=12 [32m200[0m 15.154 ms - 8512[0m
2025-09-23 14:57:33 [INFO]: [0mGET /api/movies?type=bollywood-movies&page=1&limit=12&sort=-createdAt [32m200[0m 12.462 ms - 8512[0m
2025-09-23 14:57:36 [INFO]: [0mGET /api/movies?type=bollywood-movies&page=2&limit=12&sort=-createdAt [32m200[0m 11.837 ms - 2203[0m
2025-09-23 14:57:38 [INFO]: [0mGET /api/movies?type=bollywood-movies&page=1&limit=12&sort=-createdAt [36m304[0m 11.542 ms - -[0m
2025-09-23 14:59:31 [INFO]: [0mGET /api/movies/68d232b4cb01b44361eab4b0 [36m304[0m 15.545 ms - -[0m
2025-09-23 14:59:31 [INFO]: [0mGET /api/favorites/ids [36m304[0m 15.416 ms - -[0m
2025-09-23 14:59:31 [INFO]: [0mGET /api/movies/68d232b4cb01b44361eab4b0 [36m304[0m 13.706 ms - -[0m
2025-09-23 14:59:31 [INFO]: [0mGET /api/favorites/ids [36m304[0m 14.381 ms - -[0m
2025-09-23 14:59:33 [INFO]: [0mGET /api/movies?type=bollywood-movies&page=1&limit=12&sort=-createdAt [36m304[0m 15.775 ms - -[0m
2025-09-23 14:59:33 [INFO]: [0mGET /api/movies?type=bollywood-movies&page=1&limit=12&sort=-createdAt [36m304[0m 25.239 ms - -[0m
2025-09-23 14:59:40 [INFO]: [0mGET /api/favorites [36m304[0m 9.965 ms - -[0m
2025-09-23 14:59:40 [INFO]: [0mGET /api/favorites [36m304[0m 11.291 ms - -[0m
2025-09-23 14:59:42 [INFO]: [0mGET /api/movies?type=bollywood-movies&page=1&limit=12&sort=-createdAt [36m304[0m 17.980 ms - -[0m
2025-09-23 14:59:42 [INFO]: [0mGET /api/movies?type=bollywood-movies&page=1&limit=12&sort=-createdAt [36m304[0m 18.737 ms - -[0m
2025-09-23 14:59:49 [INFO]: [0mGET /api/movies?type=bollywood-movies&page=1&limit=12&sort=-createdAt [36m304[0m 3.277 ms - -[0m
2025-09-23 15:03:07 [INFO]: [0mGET /api/movies?type=bollywood-movies&page=1&limit=12&sort=-createdAt [36m304[0m 7.265 ms - -[0m
2025-09-23 15:03:07 [INFO]: [0mGET /api/favorites/ids [36m304[0m 6.530 ms - -[0m
2025-09-23 15:03:17 [INFO]: [0mPOST /api/favorites/68d232b4cb01b44361eab4b6 [32m201[0m 24.529 ms - 69[0m
2025-09-23 15:03:18 [INFO]: [0mPOST /api/favorites/68d2327fcb01b44361eab4a6 [32m201[0m 14.670 ms - 69[0m
2025-09-23 15:03:19 [INFO]: [0mGET /api/favorites [32m200[0m 17.547 ms - 3414[0m
2025-09-23 15:03:19 [INFO]: [0mGET /api/favorites [36m304[0m 19.773 ms - -[0m
2025-09-23 15:03:21 [INFO]: [0mGET /api/movies/68d232b4cb01b44361eab4b6 [32m200[0m 4.798 ms - 728[0m
2025-09-23 15:03:21 [INFO]: [0mGET /api/favorites/ids [32m200[0m 4.900 ms - 145[0m
2025-09-23 15:03:21 [INFO]: [0mGET /api/movies/68d232b4cb01b44361eab4b6 [36m304[0m 4.979 ms - -[0m
2025-09-23 15:03:21 [INFO]: [0mGET /api/favorites/ids [36m304[0m 5.269 ms - -[0m
2025-09-23 15:10:27 [INFO]: [0mGET /api/movies/68d232b4cb01b44361eab4b6 [36m304[0m 4.025 ms - -[0m
2025-09-23 15:10:27 [INFO]: [0mGET /api/favorites/ids [36m304[0m 4.120 ms - -[0m
2025-09-23 15:11:01 [INFO]: [0mGET /api/movies/68d232b4cb01b44361eab4b6 [36m304[0m 11.762 ms - -[0m
2025-09-23 15:11:01 [INFO]: [0mGET /api/favorites/ids [36m304[0m 10.903 ms - -[0m
2025-09-23 15:11:01 [INFO]: [0mGET /api/movies/68d232b4cb01b44361eab4b6 [36m304[0m 9.512 ms - -[0m
2025-09-23 15:11:01 [INFO]: [0mGET /api/favorites/ids [36m304[0m 10.731 ms - -[0m
2025-09-23 15:11:28 [INFO]: [0mGET /api/favorites/ids [33m401[0m 0.690 ms - 31[0m
2025-09-23 15:11:28 [INFO]: [0mGET /api/movies/68d232b4cb01b44361eab4b6 [36m304[0m 6.557 ms - -[0m
2025-09-23 15:11:28 [INFO]: [0mGET /api/movies/68d232b4cb01b44361eab4b6 [36m304[0m 9.332 ms - -[0m
2025-09-23 15:11:28 [INFO]: [0mGET /api/favorites/ids [36m304[0m 9.779 ms - -[0m
2025-09-23 15:11:41 [INFO]: [0mGET /api/movies/68d232b4cb01b44361eab4b6 [36m304[0m 10.632 ms - -[0m
2025-09-23 15:11:41 [INFO]: [0mGET /api/favorites/ids [36m304[0m 10.866 ms - -[0m
2025-09-23 15:11:41 [INFO]: [0mGET /api/movies/68d232b4cb01b44361eab4b6 [36m304[0m 9.796 ms - -[0m
2025-09-23 15:11:41 [INFO]: [0mGET /api/favorites/ids [36m304[0m 12.440 ms - -[0m
2025-09-23 15:11:44 [INFO]: [0mGET /api/favorites/ids [33m401[0m 0.245 ms - 31[0m
2025-09-23 15:11:44 [INFO]: [0mGET /api/movies/68d232b4cb01b44361eab4b6 [32m200[0m 3.478 ms - 728[0m
2025-09-23 15:11:44 [INFO]: [0mGET /api/movies/68d232b4cb01b44361eab4b6 [32m200[0m 4.712 ms - 728[0m
2025-09-23 15:11:44 [INFO]: [0mGET /api/favorites/ids [32m200[0m 6.018 ms - 145[0m
2025-09-23 15:11:45 [INFO]: [0mGET /api/favorites [36m304[0m 18.717 ms - -[0m
2025-09-23 15:11:45 [INFO]: [0mGET /api/favorites [36m304[0m 13.462 ms - -[0m
2025-09-23 15:11:46 [INFO]: [0mGET /api/favorites/ids [36m304[0m 5.329 ms - -[0m
2025-09-23 15:11:46 [INFO]: [0mGET /api/movies/68d2327fcb01b44361eab4a9 [36m304[0m 5.172 ms - -[0m
2025-09-23 15:11:46 [INFO]: [0mGET /api/favorites/ids [36m304[0m 33.874 ms - -[0m
2025-09-23 15:11:46 [INFO]: [0mGET /api/movies/68d2327fcb01b44361eab4a9 [36m304[0m 66.395 ms - -[0m
2025-09-23 15:11:47 [INFO]: [0mGET /api/movies/68d2327fcb01b44361eab4a9 [36m304[0m 13.034 ms - -[0m
2025-09-23 15:11:47 [INFO]: [0mGET /api/favorites/ids [36m304[0m 13.896 ms - -[0m
2025-09-23 15:11:47 [INFO]: [0mGET /api/movies/68d2327fcb01b44361eab4a9 [36m304[0m 13.820 ms - -[0m
2025-09-23 15:11:47 [INFO]: [0mGET /api/favorites/ids [36m304[0m 13.732 ms - -[0m
2025-09-23 15:15:06 [INFO]: [0mGET /api/favorites [33m401[0m 0.228 ms - 31[0m
2025-09-23 15:15:06 [INFO]: [0mGET /api/movies/latest?limit=5 [36m304[0m 4.558 ms - -[0m
2025-09-23 15:15:06 [INFO]: [0mGET /api/favorites/ids [33m401[0m 0.246 ms - 31[0m
2025-09-23 15:15:06 [INFO]: [0mGET /api/movies/categories?bLimit=10&sLimit=10&hLimit=10&wLimit=10 [36m304[0m 7.053 ms - -[0m
2025-09-23 15:15:06 [INFO]: [0mGET /api/favorites/ids [36m304[0m 3.853 ms - -[0m
2025-09-23 15:15:06 [INFO]: [0mGET /api/favorites [36m304[0m 7.874 ms - -[0m
2025-09-23 15:15:11 [INFO]: [0mGET /api/favorites/ids [36m304[0m 7.406 ms - -[0m
2025-09-23 15:15:11 [INFO]: [0mGET /api/movies/68d232b4cb01b44361eab4af [32m200[0m 5.669 ms - 712[0m
2025-09-23 15:15:11 [INFO]: [0mGET /api/favorites/ids [36m304[0m 9.293 ms - -[0m
2025-09-23 15:15:11 [INFO]: [0mGET /api/movies/68d232b4cb01b44361eab4af [36m304[0m 7.888 ms - -[0m
2025-09-23 15:15:13 [INFO]: [0mPOST /api/favorites/68d232b4cb01b44361eab4af [32m201[0m 15.349 ms - 69[0m
2025-09-23 15:15:20 [INFO]: [0mGET /api/favorites/ids [32m200[0m 4.784 ms - 172[0m
2025-09-23 15:15:20 [INFO]: [0mGET /api/favorites [32m200[0m 11.571 ms - 4092[0m
2025-09-23 15:15:20 [INFO]: [0mGET /api/favorites/ids [36m304[0m 6.155 ms - -[0m
2025-09-23 15:15:20 [INFO]: [0mGET /api/favorites [36m304[0m 7.625 ms - -[0m
2025-09-23 15:16:23 [INFO]: [0mGET /api/movies/68d2327fcb01b44361eab4a8 [32m200[0m 7.280 ms - 708[0m
2025-09-23 15:16:23 [INFO]: [0mGET /api/favorites/ids [36m304[0m 7.279 ms - -[0m
2025-09-23 15:16:23 [INFO]: [0mGET /api/movies/68d2327fcb01b44361eab4a8 [36m304[0m 6.430 ms - -[0m
2025-09-23 15:16:23 [INFO]: [0mGET /api/favorites/ids [36m304[0m 6.438 ms - -[0m
2025-09-23 15:16:41 [INFO]: [0mGET /api/movies/68d2327fcb01b44361eab4a8 [36m304[0m 4.485 ms - -[0m
2025-09-23 15:16:41 [INFO]: [0mGET /api/favorites/ids [36m304[0m 4.103 ms - -[0m
2025-09-23 15:16:42 [INFO]: [0mGET /api/movies/68d2327fcb01b44361eab4a8 [36m304[0m 2.338 ms - -[0m
2025-09-23 15:16:42 [INFO]: [0mGET /api/movies/68d2327fcb01b44361eab4a8 [36m304[0m 2.687 ms - -[0m
2025-09-23 15:16:48 [INFO]: [0mGET /api/movies/68d2327fcb01b44361eab4a8 [36m304[0m 4.047 ms - -[0m
2025-09-23 15:16:48 [INFO]: [0mGET /api/favorites/ids [36m304[0m 4.414 ms - -[0m
2025-09-23 15:16:48 [INFO]: [0mGET /api/movies/68d2327fcb01b44361eab4a8 [36m304[0m 5.589 ms - -[0m
2025-09-23 15:16:48 [INFO]: [0mGET /api/favorites/ids [36m304[0m 5.136 ms - -[0m
2025-09-23 15:16:50 [INFO]: [0mGET /api/movies/68d2327fcb01b44361eab4a8 [36m304[0m 1.429 ms - -[0m
2025-09-23 15:16:50 [INFO]: [0mGET /api/movies/68d2327fcb01b44361eab4a8 [36m304[0m 2.137 ms - -[0m
2025-09-23 15:17:00 [INFO]: [0mGET /api/movies/68d2327fcb01b44361eab4a8 [36m304[0m 5.427 ms - -[0m
2025-09-23 15:17:00 [INFO]: [0mGET /api/favorites/ids [36m304[0m 5.433 ms - -[0m
2025-09-23 15:17:00 [INFO]: [0mGET /api/movies/68d2327fcb01b44361eab4a8 [36m304[0m 3.973 ms - -[0m
2025-09-23 15:17:00 [INFO]: [0mGET /api/favorites/ids [36m304[0m 3.899 ms - -[0m
2025-09-23 15:17:01 [INFO]: [0mGET /api/favorites/ids [36m304[0m 37.527 ms - -[0m
2025-09-23 15:17:01 [INFO]: [0mGET /api/movies/categories?bLimit=10&sLimit=10&hLimit=10&wLimit=10 [36m304[0m 38.066 ms - -[0m
2025-09-23 15:17:01 [INFO]: [0mGET /api/movies/latest?limit=5 [36m304[0m 36.500 ms - -[0m
2025-09-23 15:17:01 [INFO]: [0mGET /api/favorites [36m304[0m 35.904 ms - -[0m
2025-09-23 15:17:01 [INFO]: [0mGET /api/favorites/ids [36m304[0m 8.325 ms - -[0m
2025-09-23 15:17:01 [INFO]: [0mGET /api/favorites [36m304[0m 12.201 ms - -[0m
2025-09-23 15:17:12 [INFO]: [0mGET /api/movies/68d1ac4db63c0dbcd8284189 [32m200[0m 18.508 ms - 1201[0m
2025-09-23 15:17:12 [INFO]: [0mGET /api/favorites/ids [36m304[0m 18.718 ms - -[0m
2025-09-23 15:17:12 [INFO]: [0mGET /api/movies/68d1ac4db63c0dbcd8284189 [36m304[0m 12.520 ms - -[0m
2025-09-23 15:17:12 [INFO]: [0mGET /api/favorites/ids [36m304[0m 13.122 ms - -[0m
2025-09-23 15:17:24 [INFO]: [0mGET /api/favorites/ids [36m304[0m 18.443 ms - -[0m
2025-09-23 15:17:24 [INFO]: [0mGET /api/favorites [36m304[0m 33.256 ms - -[0m
2025-09-23 15:17:24 [INFO]: [0mGET /api/favorites/ids [36m304[0m 18.668 ms - -[0m
2025-09-23 15:17:24 [INFO]: [0mGET /api/favorites [36m304[0m 15.876 ms - -[0m
2025-09-23 15:17:25 [INFO]: [0mGET /api/favorites/ids [36m304[0m 10.445 ms - -[0m
2025-09-23 15:17:25 [INFO]: [0mGET /api/movies/68d23248cb01b44361eab49b [32m200[0m 7.915 ms - 827[0m
2025-09-23 15:17:25 [INFO]: [0mGET /api/favorites/ids [36m304[0m 14.726 ms - -[0m
2025-09-23 15:17:25 [INFO]: [0mGET /api/movies/68d23248cb01b44361eab49b [36m304[0m 4.955 ms - -[0m
2025-09-23 15:17:28 [INFO]: [0mGET /api/favorites/ids [36m304[0m 11.694 ms - -[0m
2025-09-23 15:17:28 [INFO]: [0mGET /api/favorites [36m304[0m 23.082 ms - -[0m
2025-09-23 15:17:28 [INFO]: [0mGET /api/favorites/ids [36m304[0m 15.379 ms - -[0m
2025-09-23 15:17:28 [INFO]: [0mGET /api/favorites [36m304[0m 17.332 ms - -[0m
2025-09-23 15:17:32 [INFO]: [0mGET /api/movies/68d232b4cb01b44361eab4af [36m304[0m 10.120 ms - -[0m
2025-09-23 15:17:32 [INFO]: [0mGET /api/favorites/ids [36m304[0m 10.486 ms - -[0m
2025-09-23 15:17:32 [INFO]: [0mGET /api/movies/68d232b4cb01b44361eab4af [36m304[0m 8.886 ms - -[0m
2025-09-23 15:17:32 [INFO]: [0mGET /api/favorites/ids [36m304[0m 10.027 ms - -[0m
2025-09-23 15:17:33 [INFO]: [0mGET /api/movies/68d232b4cb01b44361eab4af [36m304[0m 5.449 ms - -[0m
2025-09-23 15:17:33 [INFO]: [0mGET /api/movies/68d232b4cb01b44361eab4af [36m304[0m 5.553 ms - -[0m
2025-09-23 15:17:35 [INFO]: [0mGET /api/movies/68d232b4cb01b44361eab4af [36m304[0m 12.044 ms - -[0m
2025-09-23 15:17:35 [INFO]: [0mGET /api/favorites/ids [36m304[0m 12.702 ms - -[0m
2025-09-23 15:17:35 [INFO]: [0mGET /api/movies/68d232b4cb01b44361eab4af [36m304[0m 17.857 ms - -[0m
2025-09-23 15:17:35 [INFO]: [0mGET /api/favorites/ids [36m304[0m 17.585 ms - -[0m
2025-09-23 15:17:36 [INFO]: [0mGET /api/favorites/ids [36m304[0m 11.432 ms - -[0m
2025-09-23 15:17:37 [INFO]: [0mGET /api/favorites/ids [36m304[0m 16.013 ms - -[0m
2025-09-23 15:17:37 [INFO]: [0mGET /api/favorites [36m304[0m 30.032 ms - -[0m
2025-09-23 15:17:37 [INFO]: [0mGET /api/favorites [36m304[0m 16.246 ms - -[0m
2025-09-23 15:18:10 [INFO]: [0mGET /api/movies/68d2327fcb01b44361eab4a6 [32m200[0m 13.768 ms - 739[0m
2025-09-23 15:18:10 [INFO]: [0mGET /api/favorites/ids [36m304[0m 13.608 ms - -[0m
2025-09-23 15:18:10 [INFO]: [0mGET /api/movies/68d2327fcb01b44361eab4a6 [36m304[0m 11.513 ms - -[0m
2025-09-23 15:18:10 [INFO]: [0mGET /api/favorites/ids [36m304[0m 12.131 ms - -[0m
2025-09-23 15:18:11 [INFO]: [0mGET /api/movies/68d2327fcb01b44361eab4a6 [36m304[0m 6.670 ms - -[0m
2025-09-23 15:18:11 [INFO]: [0mGET /api/movies/68d2327fcb01b44361eab4a6 [36m304[0m 6.327 ms - -[0m
2025-09-23 15:23:51 [INFO]: [0mGET /api/movies/68d2327fcb01b44361eab4a6 [36m304[0m 1.933 ms - -[0m
2025-09-23 15:24:00 [INFO]: [0mGET /api/movies/68d2327fcb01b44361eab4a6 [36m304[0m 2.538 ms - -[0m
2025-09-23 15:24:00 [INFO]: [0mGET /api/movies/68d2327fcb01b44361eab4a6 [36m304[0m 1.522 ms - -[0m
2025-09-23 15:24:22 [INFO]: [0mGET /api/movies/latest?limit=5 [32m200[0m 4.949 ms - 3502[0m
2025-09-23 15:24:22 [INFO]: [0mGET /api/movies/categories?bLimit=10&sLimit=10&hLimit=10&wLimit=10 [32m200[0m 6.329 ms - 18381[0m
2025-09-23 15:24:24 [INFO]: [0mGET /api/movies/68d232b4cb01b44361eab4b0 [32m200[0m 2.271 ms - 706[0m
2025-09-23 15:24:24 [INFO]: [0mGET /api/favorites/ids [33m401[0m 0.250 ms - 31[0m
2025-09-23 15:24:24 [INFO]: [0mGET /api/favorites/ids [33m401[0m 0.222 ms - 31[0m
2025-09-23 15:24:24 [INFO]: [0mGET /api/movies/68d232b4cb01b44361eab4b0 [36m304[0m 4.263 ms - -[0m
2025-09-23 15:24:32 [INFO]: [0mPOST /api/auth/login [32m200[0m 207.255 ms - 368[0m
2025-09-23 15:24:43 [INFO]: [0mGET /api/favorites [33m401[0m 0.194 ms - 31[0m
2025-09-23 15:24:43 [INFO]: [0mGET /api/favorites/ids [33m401[0m 0.164 ms - 31[0m
2025-09-23 15:24:43 [INFO]: [0mGET /api/favorites/ids [32m200[0m 2.609 ms - 172[0m
2025-09-23 15:24:43 [INFO]: [0mGET /api/favorites [32m200[0m 7.130 ms - 4092[0m
2025-09-23 15:24:47 [INFO]: [0mGET /api/movies/68d232b4cb01b44361eab4b0 [36m304[0m 2.175 ms - -[0m
2025-09-23 15:24:47 [INFO]: [0mGET /api/favorites/ids [36m304[0m 2.717 ms - -[0m
2025-09-23 15:24:47 [INFO]: [0mGET /api/movies/68d232b4cb01b44361eab4b0 [36m304[0m 2.946 ms - -[0m
2025-09-23 15:24:47 [INFO]: [0mGET /api/favorites/ids [36m304[0m 2.695 ms - -[0m
2025-09-23 15:24:48 [INFO]: [0mGET /api/movies/68d232b4cb01b44361eab4b0 [36m304[0m 6.058 ms - -[0m
2025-09-23 15:24:48 [INFO]: [0mGET /api/movies/68d232b4cb01b44361eab4b0 [36m304[0m 5.545 ms - -[0m
2025-09-23 15:29:04 [INFO]: [0mGET /api/movies/68d232b4cb01b44361eab4b0 [36m304[0m 2.660 ms - -[0m
2025-09-23 15:29:05 [INFO]: [0mGET /api/movies/68d2327fcb01b44361eab4a6 [36m304[0m 6.399 ms - -[0m
2025-09-23 15:29:19 [INFO]: [0mGET /api/movies/68d232b4cb01b44361eab4b0 [36m304[0m 5.654 ms - -[0m
2025-09-23 15:29:19 [INFO]: [0mGET /api/movies/68d232b4cb01b44361eab4b0 [36m304[0m 12.311 ms - -[0m
2025-09-23 15:29:19 [INFO]: [0mGET /api/favorites/ids [36m304[0m 12.295 ms - -[0m
2025-09-23 15:29:19 [INFO]: [0mGET /api/favorites/ids [36m304[0m 6.534 ms - -[0m
2025-09-23 15:29:20 [INFO]: [0mGET /api/movies/68d232b4cb01b44361eab4b0 [36m304[0m 5.586 ms - -[0m
2025-09-23 15:29:20 [INFO]: [0mGET /api/movies/68d232b4cb01b44361eab4b0 [36m304[0m 5.558 ms - -[0m
2025-09-23 15:32:46 [INFO]: [0mPOST /api/auth/login [32m200[0m 223.113 ms - 368[0m
2025-09-23 15:32:50 [INFO]: [0mGET /api/favorites [33m401[0m 0.193 ms - 31[0m
2025-09-23 15:32:50 [INFO]: [0mGET /api/movies/latest?limit=5 [32m200[0m 3.725 ms - 3502[0m
2025-09-23 15:32:50 [INFO]: [0mGET /api/favorites/ids [33m401[0m 0.252 ms - 31[0m
2025-09-23 15:32:50 [INFO]: [0mGET /api/movies/categories?bLimit=10&sLimit=10&hLimit=10&wLimit=10 [32m200[0m 7.848 ms - 18381[0m
2025-09-23 15:32:50 [INFO]: [0mGET /api/favorites/ids [32m200[0m 2.337 ms - 172[0m
2025-09-23 15:32:50 [INFO]: [0mGET /api/favorites [32m200[0m 5.572 ms - 4092[0m
2025-09-23 15:32:55 [INFO]: [0mGET /api/favorites/ids [36m304[0m 4.942 ms - -[0m
2025-09-23 15:32:55 [INFO]: [0mGET /api/movies/68d2327fcb01b44361eab4a9 [32m200[0m 2.995 ms - 725[0m
2025-09-23 15:32:55 [INFO]: [0mGET /api/favorites/ids [36m304[0m 3.326 ms - -[0m
2025-09-23 15:32:55 [INFO]: [0mGET /api/movies/68d2327fcb01b44361eab4a9 [36m304[0m 2.780 ms - -[0m
2025-09-23 15:32:56 [INFO]: [0mGET /api/movies/68d2327fcb01b44361eab4a9 [36m304[0m 2.464 ms - -[0m
2025-09-23 15:32:56 [INFO]: [0mGET /api/movies/68d2327fcb01b44361eab4a9 [36m304[0m 1.926 ms - -[0m
2025-09-23 15:36:21 [INFO]: [0mGET /api/movies/68d2327fcb01b44361eab4a9 [32m200[0m 2.267 ms - 725[0m
2025-09-23 15:36:21 [INFO]: [0mGET /api/movies/68d2327fcb01b44361eab4a6 [36m304[0m 2.411 ms - -[0m
2025-09-23 15:36:21 [INFO]: [0mGET /api/movies/68d2327fcb01b44361eab4a9 [36m304[0m 2.770 ms - -[0m
2025-09-23 15:36:21 [INFO]: [0mGET /api/movies/68d2327fcb01b44361eab4a6 [36m304[0m 2.344 ms - -[0m
2025-09-23 15:36:23 [INFO]: [0mGET /api/movies/68d2327fcb01b44361eab4a9 [36m304[0m 2.982 ms - -[0m
2025-09-23 15:36:23 [INFO]: [0mGET /api/favorites/ids [32m200[0m 4.395 ms - 172[0m
2025-09-23 15:36:23 [INFO]: [0mGET /api/movies/68d2327fcb01b44361eab4a9 [36m304[0m 3.497 ms - -[0m
2025-09-23 15:36:23 [INFO]: [0mGET /api/favorites/ids [36m304[0m 2.825 ms - -[0m
2025-09-23 15:36:24 [INFO]: [0mGET /api/movies/68d2327fcb01b44361eab4a9 [36m304[0m 7.217 ms - -[0m
2025-09-23 15:36:24 [INFO]: [0mGET /api/movies/68d2327fcb01b44361eab4a9 [36m304[0m 7.720 ms - -[0m
2025-09-23 15:36:46 [INFO]: [0mGET /api/movies/68d2327fcb01b44361eab4a9 [36m304[0m 6.926 ms - -[0m
2025-09-23 15:36:46 [INFO]: [0mGET /api/favorites/ids [36m304[0m 8.182 ms - -[0m
2025-09-23 15:36:46 [INFO]: [0mGET /api/movies/68d2327fcb01b44361eab4a9 [36m304[0m 7.278 ms - -[0m
2025-09-23 15:36:46 [INFO]: [0mGET /api/favorites/ids [36m304[0m 7.407 ms - -[0m
2025-09-23 15:36:46 [INFO]: [0mGET /api/favorites/ids [36m304[0m 5.409 ms - -[0m
2025-09-23 15:36:46 [INFO]: [0mGET /api/movies/latest?limit=5 [32m200[0m 6.086 ms - 3502[0m
2025-09-23 15:36:46 [INFO]: [0mGET /api/movies/categories?bLimit=10&sLimit=10&hLimit=10&wLimit=10 [32m200[0m 11.208 ms - 18381[0m
2025-09-23 15:36:46 [INFO]: [0mGET /api/favorites/ids [36m304[0m 8.151 ms - -[0m
2025-09-23 15:36:46 [INFO]: [0mGET /api/favorites [32m200[0m 12.827 ms - 4092[0m
2025-09-23 15:36:46 [INFO]: [0mGET /api/favorites [36m304[0m 5.016 ms - -[0m
2025-09-23 15:45:15 [INFO]: [0mGET /api/movies/categories?bLimit=10&sLimit=10&hLimit=10&wLimit=10 [36m304[0m 8.013 ms - -[0m
2025-09-23 15:45:15 [INFO]: [0mGET /api/favorites/ids [36m304[0m 5.423 ms - -[0m
2025-09-23 15:45:15 [INFO]: [0mGET /api/favorites [36m304[0m 15.055 ms - -[0m
2025-09-23 15:45:28 [INFO]: [0mGET /api/favorites [33m401[0m 0.232 ms - 31[0m
2025-09-23 15:45:28 [INFO]: [0mGET /api/movies/latest?limit=5 [36m304[0m 4.780 ms - -[0m
2025-09-23 15:45:28 [INFO]: [0mGET /api/favorites/ids [33m401[0m 0.277 ms - 31[0m
2025-09-23 15:45:28 [INFO]: [0mGET /api/favorites/ids [36m304[0m 4.293 ms - -[0m
2025-09-23 15:45:28 [INFO]: [0mGET /api/favorites [36m304[0m 8.065 ms - -[0m
2025-09-23 15:45:55 [INFO]: [0mGET /api/favorites/ids [36m304[0m 2.448 ms - -[0m
2025-09-23 15:45:55 [INFO]: [0mGET /api/favorites [36m304[0m 6.246 ms - -[0m
2025-09-23 15:45:55 [INFO]: [0mGET /api/favorites/ids [36m304[0m 4.590 ms - -[0m
2025-09-23 15:45:56 [INFO]: [0mGET /api/favorites [36m304[0m 5.397 ms - -[0m
2025-09-23 15:46:14 [INFO]: [0mGET /api/movies/68d23248cb01b44361eab4a0 [32m200[0m 6.399 ms - 678[0m
2025-09-23 15:46:14 [INFO]: [0mGET /api/favorites/ids [36m304[0m 6.474 ms - -[0m
2025-09-23 15:46:14 [INFO]: [0mGET /api/movies/68d23248cb01b44361eab4a0 [36m304[0m 5.213 ms - -[0m
2025-09-23 15:46:14 [INFO]: [0mGET /api/favorites/ids [36m304[0m 5.794 ms - -[0m
2025-09-23 15:46:16 [INFO]: [0mGET /api/movies/68d23248cb01b44361eab4a0 [36m304[0m 6.029 ms - -[0m
2025-09-23 15:46:16 [INFO]: [0mGET /api/movies/68d23248cb01b44361eab4a0 [36m304[0m 4.691 ms - -[0m
2025-09-23 15:46:38 [INFO]: [0mGET /api/movies/68d23248cb01b44361eab4a0 [36m304[0m 1.888 ms - -[0m
2025-09-23 15:46:38 [INFO]: [0mGET /api/movies/68d23248cb01b44361eab4a0 [36m304[0m 1.397 ms - -[0m
2025-09-23 15:47:02 [INFO]: [0mGET /api/movies/68d23248cb01b44361eab4a0 [36m304[0m 8.031 ms - -[0m
2025-09-23 15:47:02 [INFO]: [0mGET /api/favorites/ids [36m304[0m 21.071 ms - -[0m
2025-09-23 15:47:02 [INFO]: [0mGET /api/movies/68d23248cb01b44361eab4a0 [36m304[0m 7.150 ms - -[0m
2025-09-23 15:47:02 [INFO]: [0mGET /api/favorites/ids [36m304[0m 7.175 ms - -[0m
2025-09-23 15:47:06 [INFO]: [0mGET /api/favorites/ids [36m304[0m 17.029 ms - -[0m
2025-09-23 15:47:06 [INFO]: [0mGET /api/movies/latest?limit=5 [36m304[0m 15.717 ms - -[0m
2025-09-23 15:47:06 [INFO]: [0mGET /api/favorites [36m304[0m 36.980 ms - -[0m
2025-09-23 15:47:06 [INFO]: [0mGET /api/movies/categories?bLimit=10&sLimit=10&hLimit=10&wLimit=10 [36m304[0m 25.336 ms - -[0m
2025-09-23 15:47:06 [INFO]: [0mGET /api/favorites/ids [36m304[0m 18.668 ms - -[0m
2025-09-23 15:47:06 [INFO]: [0mGET /api/favorites [36m304[0m 10.432 ms - -[0m
2025-09-23 15:47:11 [INFO]: [0mGET /api/favorites/ids [36m304[0m 6.170 ms - -[0m
2025-09-23 15:47:11 [INFO]: [0mGET /api/movies?type=bollywood-movies&page=1&limit=12&sort=-createdAt [32m200[0m 18.553 ms - 8512[0m
2025-09-23 15:47:11 [INFO]: [0mGET /api/favorites/ids [36m304[0m 6.577 ms - -[0m
2025-09-23 15:47:11 [INFO]: [0mGET /api/movies?type=bollywood-movies&page=1&limit=12&sort=-createdAt [36m304[0m 9.987 ms - -[0m
2025-09-23 15:47:11 [INFO]: [0mGET /api/movies?type=south-hindi-dubbed&page=1&limit=12&sort=-createdAt [32m200[0m 10.909 ms - 8645[0m
2025-09-23 15:47:15 [INFO]: [0mGET /api/movies?type=hollywood-movies&page=1&limit=12&sort=-createdAt [32m200[0m 7.833 ms - 3703[0m
2025-09-23 15:47:15 [INFO]: [0mGET /api/movies?type=web-series&page=1&limit=12&sort=-createdAt [32m200[0m 7.418 ms - 2071[0m
2025-09-23 15:47:16 [INFO]: [0mGET /api/favorites [36m304[0m 12.771 ms - -[0m
2025-09-23 15:47:16 [INFO]: [0mGET /api/favorites [36m304[0m 13.801 ms - -[0m
2025-09-23 15:47:18 [INFO]: [0mGET /api/movies?type=web-series&page=1&limit=12&sort=-createdAt [36m304[0m 11.949 ms - -[0m
2025-09-23 15:47:18 [INFO]: [0mGET /api/movies?type=web-series&page=1&limit=12&sort=-createdAt [36m304[0m 15.739 ms - -[0m
2025-09-23 15:47:18 [INFO]: [0mGET /api/favorites/ids [36m304[0m 15.076 ms - -[0m
2025-09-23 15:47:18 [INFO]: [0mGET /api/favorites/ids [36m304[0m 11.660 ms - -[0m
2025-09-23 15:47:28 [INFO]: [0mPOST /api/auth/login [32m200[0m 231.892 ms - 368[0m
2025-09-23 15:48:20 [INFO]: [0mPOST /api/auth/login [32m200[0m 159.332 ms - 368[0m
2025-09-23 15:48:21 [INFO]: [0mGET /api/movies/latest?limit=5 [36m304[0m 8.202 ms - -[0m
2025-09-23 15:48:21 [INFO]: [0mGET /api/movies/categories?bLimit=10&sLimit=10&hLimit=10&wLimit=10 [36m304[0m 9.005 ms - -[0m
2025-09-23 15:48:21 [INFO]: [0mGET /api/favorites/ids [36m304[0m 8.321 ms - -[0m
2025-09-23 15:48:21 [INFO]: [0mGET /api/favorites [36m304[0m 10.304 ms - -[0m
2025-09-23 15:48:21 [INFO]: [0mGET /api/favorites/ids [36m304[0m 4.927 ms - -[0m
2025-09-23 15:48:21 [INFO]: [0mGET /api/favorites [36m304[0m 4.868 ms - -[0m
2025-09-23 15:49:24 [INFO]: [0mGET /api/movies/latest?limit=5 [36m304[0m 7.760 ms - -[0m
2025-09-23 15:49:24 [INFO]: [0mGET /api/movies/categories?bLimit=10&sLimit=10&hLimit=10&wLimit=10 [36m304[0m 27.934 ms - -[0m
2025-09-23 15:49:24 [INFO]: [0mGET /api/favorites/ids [36m304[0m 23.885 ms - -[0m
2025-09-23 15:49:24 [INFO]: [0mGET /api/favorites [36m304[0m 45.232 ms - -[0m
2025-09-23 15:49:24 [INFO]: [0mGET /api/favorites/ids [36m304[0m 19.265 ms - -[0m
2025-09-23 15:49:24 [INFO]: [0mGET /api/favorites [36m304[0m 27.572 ms - -[0m
2025-09-23 15:54:10 [INFO]: [0mGET /api/movies?q=Christy&page=1&limit=12&sort=-createdAt [32m200[0m 20.842 ms - 867[0m
2025-09-23 15:54:10 [INFO]: [0mGET /api/movies?q=Christy&page=1&limit=12&sort=-createdAt [36m304[0m 7.400 ms - -[0m
2025-09-23 15:54:14 [INFO]: [0mGET /api/movies/68d23248cb01b44361eab499 [32m200[0m 3.347 ms - 825[0m
2025-09-23 15:54:14 [INFO]: [0mGET /api/favorites/ids [36m304[0m 3.932 ms - -[0m
2025-09-23 15:54:14 [INFO]: [0mGET /api/movies/68d23248cb01b44361eab499 [36m304[0m 2.645 ms - -[0m
2025-09-23 15:54:14 [INFO]: [0mGET /api/favorites/ids [36m304[0m 2.802 ms - -[0m
2025-09-23 15:54:17 [INFO]: [0mGET /api/movies?q=Christy&page=1&limit=12&sort=-createdAt [36m304[0m 7.117 ms - -[0m
2025-09-23 15:54:17 [INFO]: [0mGET /api/movies?q=Christy&page=1&limit=12&sort=-createdAt [36m304[0m 5.237 ms - -[0m
2025-09-23 15:54:18 [INFO]: [0mGET /api/favorites/ids [36m304[0m 10.966 ms - -[0m
2025-09-23 15:54:18 [INFO]: [0mGET /api/movies/latest?limit=5 [36m304[0m 16.339 ms - -[0m
2025-09-23 15:54:18 [INFO]: [0mGET /api/movies/categories?bLimit=10&sLimit=10&hLimit=10&wLimit=10 [36m304[0m 13.599 ms - -[0m
2025-09-23 15:54:18 [INFO]: [0mGET /api/favorites/ids [36m304[0m 12.087 ms - -[0m
2025-09-23 15:54:18 [INFO]: [0mGET /api/favorites [36m304[0m 25.341 ms - -[0m
2025-09-23 15:54:18 [INFO]: [0mGET /api/favorites [36m304[0m 8.619 ms - -[0m
2025-09-23 15:55:07 [INFO]: ✅ Admin logged in: Visheshj865@gmail.com
2025-09-23 15:55:07 [INFO]: [0mPOST /api/admin/login [32m200[0m 162.359 ms - 248[0m
2025-09-23 15:55:25 [INFO]: [0mGET /api/movies/latest?limit=5 [36m304[0m 13.034 ms - -[0m
2025-09-23 15:55:25 [INFO]: [0mGET /api/movies/categories?bLimit=10&sLimit=10&hLimit=10&wLimit=10 [36m304[0m 15.671 ms - -[0m
2025-09-23 15:55:49 [INFO]: ✅ Admin logged in: Visheshj865@gmail.com
2025-09-23 15:55:49 [INFO]: [0mPOST /api/admin/login [32m200[0m 111.512 ms - 248[0m
2025-09-23 15:58:34 [INFO]: [0mGET /api/movies/68d2327fcb01b44361eab4a6 [36m304[0m 1.476 ms - -[0m
2025-09-23 15:58:34 [INFO]: [0mGET /api/movies/68d2327fcb01b44361eab4a6 [36m304[0m 1.386 ms - -[0m
2025-09-23 15:59:06 [INFO]: ✅ Admin logged in: Visheshj865@gmail.com
2025-09-23 15:59:06 [INFO]: [0mPOST /api/admin/login [32m200[0m 110.283 ms - 248[0m
2025-09-23 16:02:17 [INFO]: ✅ Admin logged in: Visheshj865@gmail.com
2025-09-23 16:02:17 [INFO]: [0mPOST /api/admin/login [32m200[0m 129.885 ms - 248[0m
2025-09-23 16:02:25 [INFO]: [0mGET /api/movies [32m200[0m 15.484 ms - 29954[0m
2025-09-23 16:02:25 [INFO]: [0mGET /api/movies [36m304[0m 11.660 ms - -[0m
2025-09-23 16:02:35 [INFO]: [0mGET /api/movies [36m304[0m 24.626 ms - -[0m
2025-09-23 16:02:35 [INFO]: [0mGET /api/movies [36m304[0m 31.398 ms - -[0m
2025-09-23 16:03:00 [INFO]: [0mGET /api/movies [36m304[0m 25.748 ms - -[0m
2025-09-23 16:03:00 [INFO]: [0mGET /api/movies [36m304[0m 15.707 ms - -[0m
2025-09-23 16:24:17 [INFO]: [0mGET /api/movies [36m304[0m 33.978 ms - -[0m
2025-09-23 16:24:17 [INFO]: [0mGET /api/movies [36m304[0m 36.263 ms - -[0m
2025-09-23 16:24:19 [INFO]: [0mGET /api/movies [36m304[0m 24.527 ms - -[0m
2025-09-23 16:24:19 [INFO]: [0mGET /api/movies [36m304[0m 33.199 ms - -[0m
2025-09-23 16:24:20 [INFO]: [0mGET /api/movies [36m304[0m 28.215 ms - -[0m
2025-09-23 16:24:20 [INFO]: [0mGET /api/movies [36m304[0m 16.403 ms - -[0m
2025-09-23 16:27:17 [INFO]: [0mGET /api/movies/68d2327fcb01b44361eab4a6 [36m304[0m 1.634 ms - -[0m
2025-09-23 16:27:17 [INFO]: [0mGET /api/movies/68d2327fcb01b44361eab4a6 [36m304[0m 1.373 ms - -[0m
2025-09-23 16:28:33 [INFO]: [0mGET /api/movies [36m304[0m 7.909 ms - -[0m
2025-09-23 16:28:33 [INFO]: [0mGET /api/movies [36m304[0m 5.657 ms - -[0m
2025-09-23 16:28:56 [INFO]: [0mGET /api/movies [36m304[0m 8.668 ms - -[0m
2025-09-23 16:28:56 [INFO]: [0mGET /api/movies [36m304[0m 9.450 ms - -[0m
2025-09-23 16:29:08 [INFO]: [0mGET /api/movies [36m304[0m 8.306 ms - -[0m
2025-09-23 16:29:08 [INFO]: [0mGET /api/movies [36m304[0m 8.695 ms - -[0m
2025-09-23 16:32:17 [INFO]: ✅ MongoDB connected
2025-09-23 16:32:17 [INFO]: 🚀 Server running on port 5000
2025-09-23 16:32:50 [INFO]: ✅ MongoDB connected
2025-09-23 16:32:50 [INFO]: 🚀 Server running on port 5000
2025-09-23 16:37:04 [INFO]: ✅ MongoDB connected
2025-09-23 16:37:04 [INFO]: 🚀 Server running on port 5000
2025-09-23 16:37:09 [INFO]: ✅ MongoDB connected
2025-09-23 16:37:09 [INFO]: 🚀 Server running on port 5000
2025-09-23 16:37:10 [INFO]: ✅ MongoDB connected
2025-09-23 16:37:10 [INFO]: 🚀 Server running on port 5000
2025-09-23 16:37:32 [INFO]: ✅ MongoDB connected
2025-09-23 16:37:32 [INFO]: 🚀 Server running on port 5000
2025-09-23 16:37:41 [INFO]: ✅ MongoDB connected
2025-09-23 16:37:41 [INFO]: 🚀 Server running on port 5000
2025-09-23 16:38:41 [INFO]: ✅ MongoDB connected
2025-09-23 16:38:41 [INFO]: 🚀 Server running on port 5000
2025-09-23 16:40:01 [INFO]: [0mGET /api/admin/users?limit=20 [33m404[0m 3.330 ms - 29[0m
2025-09-23 16:40:01 [INFO]: [0mGET /api/admin/users?limit=20 [33m404[0m 0.435 ms - 29[0m
2025-09-23 16:40:16 [INFO]: [0mGET /api/users?limit=20 [33m404[0m 0.577 ms - 29[0m
2025-09-23 16:40:16 [INFO]: [0mGET /api/users?limit=20 [33m404[0m 0.455 ms - 29[0m
2025-09-23 16:40:49 [INFO]: [0mGET /api/admin/users?limit=20 [33m404[0m 0.532 ms - 29[0m
2025-09-23 16:40:49 [INFO]: [0mGET /api/admin/users?limit=20 [33m404[0m 0.396 ms - 29[0m
2025-09-23 16:43:51 [INFO]: [0mGET /api/users/admin/users?limit=20 [33m401[0m 0.686 ms - 31[0m
2025-09-23 16:43:51 [INFO]: [0mGET /api/users/admin/users?limit=20 [33m401[0m 0.375 ms - 31[0m
2025-09-23 16:44:20 [INFO]: [0mGET /api/movies/latest?limit=5 [36m304[0m 16.669 ms - -[0m
2025-09-23 16:44:20 [INFO]: [0mGET /api/movies/categories?bLimit=10&sLimit=10&hLimit=10&wLimit=10 [36m304[0m 21.019 ms - -[0m
2025-09-23 16:44:36 [INFO]: ✅ Admin logged in: Visheshj865@gmail.com
2025-09-23 16:44:36 [INFO]: [0mPOST /api/admin/login [32m200[0m 109.211 ms - 248[0m
2025-09-23 16:44:40 [INFO]: [0mGET /api/users/admin/users?limit=20 [33m401[0m 0.630 ms - 31[0m
2025-09-23 16:44:40 [INFO]: [0mGET /api/users/admin/users?limit=20 [33m401[0m 0.658 ms - 31[0m
2025-09-23 16:48:24 [INFO]: [0mGET /api/users/admin/users?limit=20 [33m403[0m 2.888 ms - 23[0m
2025-09-23 16:48:24 [INFO]: [0mGET /api/users/admin/users?limit=20 [33m403[0m 1.420 ms - 23[0m
2025-09-23 16:50:40 [INFO]: ✅ MongoDB connected
2025-09-23 16:50:40 [INFO]: 🚀 Server running on port 5000
2025-09-23 16:50:41 [INFO]: ✅ MongoDB connected
2025-09-23 16:50:41 [INFO]: 🚀 Server running on port 5000
2025-09-23 16:50:44 [INFO]: [0mGET /api/users/admin/users?limit=20 [32m200[0m 10.168 ms - 161[0m
2025-09-23 16:50:44 [INFO]: [0mGET /api/users/admin/users?limit=20 [36m304[0m 4.694 ms - -[0m
2025-09-23 16:52:38 [INFO]: [0mGET /api/movies/68d232b4cb01b44361eab4b0 [36m304[0m 9.837 ms - -[0m
2025-09-23 16:52:38 [INFO]: [0mGET /api/movies/68d232b4cb01b44361eab4b0 [36m304[0m 2.771 ms - -[0m
2025-09-23 16:52:39 [INFO]: [0mGET /api/movies/68d232b4cb01b44361eab4b0 [36m304[0m 6.100 ms - -[0m
2025-09-23 16:52:39 [INFO]: [0mGET /api/movies/68d232b4cb01b44361eab4b0 [36m304[0m 4.167 ms - -[0m
2025-09-23 16:52:40 [INFO]: [0mGET /api/movies/68d232b4cb01b44361eab4b0 [36m304[0m 3.522 ms - -[0m
2025-09-23 16:52:40 [INFO]: [0mGET /api/movies/68d232b4cb01b44361eab4b0 [36m304[0m 3.237 ms - -[0m
2025-09-23 16:56:42 [INFO]: [0mGET /api/users/admin/users?limit=50 [32m200[0m 2.923 ms - 161[0m
2025-09-23 17:00:47 [INFO]: [0mGET /api/users/admin/users?limit=50 [36m304[0m 2.893 ms - -[0m
2025-09-23 17:00:53 [INFO]: [0mGET /api/movies [36m304[0m 23.629 ms - -[0m
2025-09-23 17:00:53 [INFO]: [0mGET /api/movies [36m304[0m 11.894 ms - -[0m
2025-09-23 17:05:56 [INFO]: [0mGET /api/movies [36m304[0m 15.702 ms - -[0m
2025-09-23 17:05:56 [INFO]: [0mGET /api/users/admin/users?limit=200 [32m200[0m 15.578 ms - 161[0m
2025-09-23 17:06:04 [INFO]: [0mGET /api/movies [36m304[0m 28.142 ms - -[0m
2025-09-23 17:06:04 [INFO]: [0mGET /api/users/admin/users?limit=200 [36m304[0m 27.048 ms - -[0m
2025-09-23 17:06:05 [INFO]: [0mGET /api/movies [36m304[0m 34.459 ms - -[0m
2025-09-23 17:06:05 [INFO]: [0mGET /api/users/admin/users?limit=200 [36m304[0m 37.835 ms - -[0m
2025-09-23 17:06:06 [INFO]: [0mGET /api/movies [36m304[0m 24.077 ms - -[0m
2025-09-23 17:06:06 [INFO]: [0mGET /api/movies [36m304[0m 36.269 ms - -[0m
2025-09-23 17:06:07 [INFO]: [0mGET /api/users/admin/users?limit=50 [36m304[0m 5.380 ms - -[0m
2025-09-23 17:06:07 [INFO]: [0mGET /api/users/admin/users?limit=50 [36m304[0m 7.843 ms - -[0m
2025-09-23 17:06:07 [INFO]: [0mGET /api/movies [36m304[0m 10.421 ms - -[0m
2025-09-23 17:06:08 [INFO]: [0mGET /api/movies [36m304[0m 9.155 ms - -[0m
2025-09-23 17:06:08 [INFO]: [0mGET /api/users/admin/users?limit=50 [36m304[0m 2.772 ms - -[0m
2025-09-23 17:06:08 [INFO]: [0mGET /api/users/admin/users?limit=50 [36m304[0m 2.772 ms - -[0m
2025-09-23 17:06:09 [INFO]: [0mGET /api/movies [36m304[0m 11.648 ms - -[0m
2025-09-23 17:06:09 [INFO]: [0mGET /api/movies [36m304[0m 9.824 ms - -[0m
2025-09-23 17:06:09 [INFO]: [0mGET /api/users/admin/users?limit=50 [36m304[0m 5.738 ms - -[0m
2025-09-23 17:06:09 [INFO]: [0mGET /api/users/admin/users?limit=50 [36m304[0m 8.026 ms - -[0m
2025-09-23 17:10:21 [INFO]: [0mGET /api/movies [36m304[0m 7.139 ms - -[0m
2025-09-23 17:10:21 [INFO]: [0mGET /api/users/admin/users?limit=1000 [32m200[0m 6.837 ms - 161[0m
2025-09-23 17:10:29 [INFO]: [0mGET /api/movies [36m304[0m 9.884 ms - -[0m
2025-09-23 17:10:29 [INFO]: [0mGET /api/users/admin/users?limit=1000 [36m304[0m 8.046 ms - -[0m
2025-09-23 17:10:29 [INFO]: [0mGET /api/movies [36m304[0m 7.434 ms - -[0m
2025-09-23 17:10:29 [INFO]: [0mGET /api/users/admin/users?limit=1000 [36m304[0m 7.343 ms - -[0m
2025-09-23 17:10:29 [INFO]: [0mGET /api/movies [36m304[0m 6.875 ms - -[0m
2025-09-23 17:10:29 [INFO]: [0mGET /api/movies [36m304[0m 5.611 ms - -[0m
2025-09-23 17:10:30 [INFO]: [0mGET /api/movies [36m304[0m 41.987 ms - -[0m
2025-09-23 17:10:30 [INFO]: [0mGET /api/users/admin/users?limit=1000 [36m304[0m 43.469 ms - -[0m
2025-09-23 17:10:30 [INFO]: [0mGET /api/movies [36m304[0m 52.411 ms - -[0m
2025-09-23 17:10:30 [INFO]: [0mGET /api/users/admin/users?limit=1000 [36m304[0m 37.056 ms - -[0m
2025-09-23 17:10:30 [INFO]: [0mGET /api/users/admin/users?limit=50 [36m304[0m 109.430 ms - -[0m
2025-09-23 17:10:30 [INFO]: [0mGET /api/users/admin/users?limit=50 [36m304[0m 4.733 ms - -[0m
2025-09-23 17:10:31 [INFO]: [0mGET /api/movies [36m304[0m 31.942 ms - -[0m
2025-09-23 17:10:31 [INFO]: [0mGET /api/users/admin/users?limit=1000 [36m304[0m 31.482 ms - -[0m
2025-09-23 17:10:31 [INFO]: [0mGET /api/movies [36m304[0m 30.372 ms - -[0m
2025-09-23 17:10:31 [INFO]: [0mGET /api/users/admin/users?limit=1000 [36m304[0m 30.238 ms - -[0m
2025-09-23 17:10:31 [INFO]: [0mGET /api/movies [36m304[0m 29.654 ms - -[0m
2025-09-23 17:10:31 [INFO]: [0mGET /api/movies [36m304[0m 17.992 ms - -[0m
2025-09-23 17:11:52 [INFO]: [0mGET /api/movies/latest?limit=5 [36m304[0m 9.713 ms - -[0m
2025-09-23 17:11:52 [INFO]: [0mGET /api/movies/categories?bLimit=10&sLimit=10&hLimit=10&wLimit=10 [36m304[0m 13.239 ms - -[0m
2025-09-23 17:12:04 [INFO]: [0mPOST /api/auth/login [32m200[0m 174.207 ms - 368[0m
2025-09-23 17:12:06 [INFO]: [0mGET /api/favorites/ids [36m304[0m 4.878 ms - -[0m
2025-09-23 17:12:06 [INFO]: [0mGET /api/favorites [36m304[0m 28.768 ms - -[0m
2025-09-23 17:12:06 [INFO]: [0mGET /api/favorites/ids [36m304[0m 18.480 ms - -[0m
2025-09-23 17:12:06 [INFO]: [0mGET /api/favorites [36m304[0m 25.994 ms - -[0m
2025-09-23 17:12:29 [INFO]: [0mGET /api/favorites/ids [36m304[0m 4.713 ms - -[0m
2025-09-23 17:12:29 [INFO]: [0mGET /api/favorites [36m304[0m 9.300 ms - -[0m
2025-09-23 17:12:29 [INFO]: [0mGET /api/favorites/ids [36m304[0m 5.178 ms - -[0m
2025-09-23 17:12:29 [INFO]: [0mGET /api/favorites [36m304[0m 6.173 ms - -[0m
2025-09-23 17:12:31 [INFO]: [0mGET /api/favorites/ids [36m304[0m 4.675 ms - -[0m
2025-09-23 17:12:31 [INFO]: [0mGET /api/movies/68d23248cb01b44361eab4a0 [36m304[0m 3.188 ms - -[0m
2025-09-23 17:12:31 [INFO]: [0mGET /api/favorites/ids [36m304[0m 2.559 ms - -[0m
2025-09-23 17:12:31 [INFO]: [0mGET /api/movies/68d23248cb01b44361eab4a0 [36m304[0m 3.243 ms - -[0m
2025-09-23 17:12:32 [INFO]: [0mGET /api/movies/68d23248cb01b44361eab4a0 [36m304[0m 5.202 ms - -[0m
2025-09-23 17:12:32 [INFO]: [0mGET /api/movies/68d23248cb01b44361eab4a0 [36m304[0m 5.192 ms - -[0m
2025-09-23 17:12:33 [INFO]: [0mGET /api/movies/68d23248cb01b44361eab4a0 [36m304[0m 15.153 ms - -[0m
2025-09-23 17:12:33 [INFO]: [0mGET /api/favorites/ids [36m304[0m 15.619 ms - -[0m
2025-09-23 17:12:33 [INFO]: [0mGET /api/movies/68d23248cb01b44361eab4a0 [36m304[0m 19.441 ms - -[0m
2025-09-23 17:12:33 [INFO]: [0mGET /api/favorites/ids [36m304[0m 16.728 ms - -[0m
2025-09-23 17:12:35 [INFO]: [0mGET /api/movies/68d23248cb01b44361eab4a0 [36m304[0m 5.898 ms - -[0m
2025-09-23 17:12:35 [INFO]: [0mGET /api/movies/68d23248cb01b44361eab4a0 [36m304[0m 5.686 ms - -[0m
2025-09-23 17:13:06 [INFO]: [0mGET /api/movies/latest?limit=5 [36m304[0m 5.050 ms - -[0m
2025-09-23 17:13:06 [INFO]: [0mGET /api/movies/categories?bLimit=10&sLimit=10&hLimit=10&wLimit=10 [36m304[0m 17.320 ms - -[0m
2025-09-23 17:13:06 [INFO]: [0mGET /api/favorites [36m304[0m 32.263 ms - -[0m
2025-09-23 17:13:06 [INFO]: [0mGET /api/favorites/ids [36m304[0m 27.024 ms - -[0m
2025-09-23 17:13:06 [INFO]: [0mGET /api/favorites [36m304[0m 15.580 ms - -[0m
2025-09-23 17:13:06 [INFO]: [0mGET /api/favorites/ids [36m304[0m 8.212 ms - -[0m
2025-09-23 17:13:14 [INFO]: [0mGET /api/favorites [36m304[0m 6.640 ms - -[0m
2025-09-23 17:13:14 [INFO]: [0mGET /api/favorites [36m304[0m 6.307 ms - -[0m
2025-09-23 17:13:17 [INFO]: [0mGET /api/movies?type=hollywood-movies&page=1&limit=12&sort=-createdAt [36m304[0m 18.895 ms - -[0m
2025-09-23 17:13:17 [INFO]: [0mGET /api/favorites/ids [36m304[0m 17.914 ms - -[0m
2025-09-23 17:13:17 [INFO]: [0mGET /api/movies?type=hollywood-movies&page=1&limit=12&sort=-createdAt [36m304[0m 12.107 ms - -[0m
2025-09-23 17:13:17 [INFO]: [0mGET /api/favorites/ids [36m304[0m 8.707 ms - -[0m
2025-09-23 17:13:32 [INFO]: [0mGET /api/movies?type=web-series&page=1&limit=12&sort=-createdAt [36m304[0m 2.305 ms - -[0m
2025-09-23 17:13:33 [INFO]: [0mGET /api/favorites [36m304[0m 5.947 ms - -[0m
2025-09-23 17:13:33 [INFO]: [0mGET /api/favorites [36m304[0m 6.622 ms - -[0m
2025-09-23 17:13:33 [INFO]: [0mGET /api/movies?type=south-hindi-dubbed&page=1&limit=12&sort=-createdAt [36m304[0m 4.986 ms - -[0m
2025-09-23 17:13:33 [INFO]: [0mGET /api/favorites/ids [36m304[0m 4.956 ms - -[0m
2025-09-23 17:13:33 [INFO]: [0mGET /api/movies?type=south-hindi-dubbed&page=1&limit=12&sort=-createdAt [36m304[0m 7.023 ms - -[0m
2025-09-23 17:13:33 [INFO]: [0mGET /api/favorites/ids [36m304[0m 7.673 ms - -[0m
2025-09-23 17:13:34 [INFO]: [0mGET /api/movies?type=bollywood-movies&page=1&limit=12&sort=-createdAt [36m304[0m 5.940 ms - -[0m
2025-09-23 17:13:34 [INFO]: [0mGET /api/favorites/ids [36m304[0m 13.818 ms - -[0m
2025-09-23 17:13:34 [INFO]: [0mGET /api/favorites [36m304[0m 24.607 ms - -[0m
2025-09-23 17:13:34 [INFO]: [0mGET /api/favorites/ids [36m304[0m 13.800 ms - -[0m
2025-09-23 17:13:34 [INFO]: [0mGET /api/favorites [36m304[0m 18.332 ms - -[0m
2025-09-23 17:13:38 [INFO]: [0mGET /api/movies?q=ace&page=1&limit=12&sort=-createdAt [32m200[0m 9.281 ms - 720[0m
2025-09-23 17:13:38 [INFO]: [0mGET /api/movies?q=ace&page=1&limit=12&sort=-createdAt [36m304[0m 7.650 ms - -[0m
2025-09-23 17:14:19 [INFO]: [0mGET /api/movies?type=web-series&page=1&limit=12&sort=-createdAt [36m304[0m 7.102 ms - -[0m
2025-09-23 17:14:19 [INFO]: [0mGET /api/favorites/ids [36m304[0m 5.054 ms - -[0m
2025-09-23 17:14:19 [INFO]: [0mGET /api/movies?type=web-series&page=1&limit=12&sort=-createdAt [36m304[0m 6.656 ms - -[0m
2025-09-23 17:14:19 [INFO]: [0mGET /api/favorites/ids [36m304[0m 6.210 ms - -[0m
2025-09-23 17:14:20 [INFO]: [0mGET /api/favorites [36m304[0m 9.669 ms - -[0m
2025-09-23 17:14:20 [INFO]: [0mGET /api/favorites [36m304[0m 6.458 ms - -[0m
2025-09-23 17:14:22 [INFO]: [0mGET /api/favorites/ids [36m304[0m 13.808 ms - -[0m
2025-09-23 17:14:22 [INFO]: [0mGET /api/movies?type=bollywood-movies&page=1&limit=12&sort=-createdAt [36m304[0m 15.096 ms - -[0m
2025-09-23 17:14:22 [INFO]: [0mGET /api/favorites/ids [36m304[0m 17.635 ms - -[0m
2025-09-23 17:14:22 [INFO]: [0mGET /api/movies?type=bollywood-movies&page=1&limit=12&sort=-createdAt [36m304[0m 29.743 ms - -[0m
2025-09-23 17:14:22 [INFO]: [0mGET /api/movies?type=south-hindi-dubbed&page=1&limit=12&sort=-createdAt [36m304[0m 12.844 ms - -[0m
2025-09-23 17:14:23 [INFO]: [0mGET /api/movies?type=hollywood-movies&page=1&limit=12&sort=-createdAt [36m304[0m 3.178 ms - -[0m
2025-09-23 17:14:23 [INFO]: [0mGET /api/favorites [36m304[0m 4.188 ms - -[0m
2025-09-23 17:14:23 [INFO]: [0mGET /api/favorites [36m304[0m 4.444 ms - -[0m
2025-09-23 17:14:24 [INFO]: [0mGET /api/movies?type=web-series&page=1&limit=12&sort=-createdAt [36m304[0m 13.095 ms - -[0m
2025-09-23 17:14:24 [INFO]: [0mGET /api/favorites/ids [36m304[0m 11.806 ms - -[0m
2025-09-23 17:14:24 [INFO]: [0mGET /api/movies?type=web-series&page=1&limit=12&sort=-createdAt [36m304[0m 18.004 ms - -[0m
2025-09-23 17:14:24 [INFO]: [0mGET /api/favorites/ids [36m304[0m 19.020 ms - -[0m
2025-09-23 17:14:24 [INFO]: [0mGET /api/movies?type=hollywood-movies&page=1&limit=12&sort=-createdAt [36m304[0m 7.824 ms - -[0m
2025-09-23 17:14:24 [INFO]: [0mGET /api/movies?type=south-hindi-dubbed&page=1&limit=12&sort=-createdAt [36m304[0m 10.338 ms - -[0m
2025-09-23 17:14:25 [INFO]: [0mGET /api/movies?type=bollywood-movies&page=1&limit=12&sort=-createdAt [36m304[0m 6.457 ms - -[0m
2025-09-23 17:14:27 [INFO]: [0mGET /api/movies?type=bollywood-movies&page=2&limit=12&sort=-createdAt [32m200[0m 15.343 ms - 2203[0m
2025-09-23 17:14:29 [INFO]: [0mGET /api/movies?type=hollywood-movies&page=2&limit=12&sort=-createdAt [32m200[0m 5.712 ms - 42[0m
2025-09-23 17:14:29 [INFO]: [0mGET /api/movies?type=hollywood-movies&page=1&limit=12&sort=-createdAt [36m304[0m 9.663 ms - -[0m
2025-09-23 17:14:31 [INFO]: [0mGET /api/movies?type=web-series&page=1&limit=12&sort=-createdAt [36m304[0m 8.612 ms - -[0m
2025-09-23 17:14:32 [INFO]: [0mGET /api/movies?type=south-hindi-dubbed&page=1&limit=12&sort=-createdAt [36m304[0m 10.800 ms - -[0m
2025-09-23 17:14:32 [INFO]: [0mGET /api/movies?type=bollywood-movies&page=1&limit=12&sort=-createdAt [36m304[0m 9.595 ms - -[0m
2025-09-23 17:14:33 [INFO]: [0mGET /api/movies/latest?limit=5 [36m304[0m 40.894 ms - -[0m
2025-09-23 17:14:33 [INFO]: [0mGET /api/movies/categories?bLimit=10&sLimit=10&hLimit=10&wLimit=10 [36m304[0m 48.077 ms - -[0m
2025-09-23 17:14:33 [INFO]: [0mGET /api/favorites [36m304[0m 71.168 ms - -[0m
2025-09-23 17:14:33 [INFO]: [0mGET /api/favorites/ids [36m304[0m 65.814 ms - -[0m
2025-09-23 17:14:33 [INFO]: [0mGET /api/favorites [36m304[0m 18.554 ms - -[0m
2025-09-23 17:14:33 [INFO]: [0mGET /api/favorites/ids [36m304[0m 8.952 ms - -[0m
2025-09-23 17:15:03 [INFO]: [0mGET /api/favorites/ids [36m304[0m 3.281 ms - -[0m
2025-09-23 17:15:03 [INFO]: [0mGET /api/favorites [36m304[0m 7.096 ms - -[0m
2025-09-23 17:15:03 [INFO]: [0mGET /api/favorites/ids [36m304[0m 2.293 ms - -[0m
2025-09-23 17:15:03 [INFO]: [0mGET /api/favorites [36m304[0m 5.471 ms - -[0m
2025-09-23 17:15:15 [INFO]: ✅ Admin logged in: Visheshj865@gmail.com
2025-09-23 17:15:15 [INFO]: [0mPOST /api/admin/login [32m200[0m 143.497 ms - 248[0m
2025-09-23 17:15:17 [INFO]: [0mGET /api/movies [36m304[0m 14.025 ms - -[0m
2025-09-23 17:15:17 [INFO]: [0mGET /api/users/admin/users?limit=1000 [36m304[0m 15.828 ms - -[0m
2025-09-23 17:15:17 [INFO]: [0mGET /api/users/admin/users?limit=200 [36m304[0m 5.842 ms - -[0m
2025-09-23 17:15:17 [INFO]: [0mGET /api/movies [36m304[0m 10.392 ms - -[0m
2025-09-23 17:15:17 [INFO]: [0mGET /api/users/admin/users?limit=200 [36m304[0m 10.489 ms - -[0m
2025-09-23 17:15:17 [INFO]: [0mGET /api/users/admin/users?limit=1000 [36m304[0m 10.738 ms - -[0m
2025-09-23 17:15:17 [INFO]: [0mGET /api/movies [36m304[0m 8.076 ms - -[0m
2025-09-23 17:15:17 [INFO]: [0mGET /api/movies [36m304[0m 6.728 ms - -[0m
2025-09-23 17:15:23 [INFO]: [0mGET /api/movies [36m304[0m 32.224 ms - -[0m
2025-09-23 17:15:23 [INFO]: [0mGET /api/users/admin/users?limit=1000 [36m304[0m 30.161 ms - -[0m
2025-09-23 17:15:23 [INFO]: [0mGET /api/movies [36m304[0m 48.077 ms - -[0m
2025-09-23 17:15:23 [INFO]: [0mGET /api/users/admin/users?limit=1000 [36m304[0m 44.664 ms - -[0m
2025-09-23 17:15:23 [INFO]: [0mGET /api/movies [36m304[0m 23.051 ms - -[0m
2025-09-23 17:15:23 [INFO]: [0mGET /api/movies [36m304[0m 11.838 ms - -[0m
2025-09-23 17:15:25 [INFO]: [0mGET /api/movies [36m304[0m 34.506 ms - -[0m
2025-09-23 17:15:25 [INFO]: [0mGET /api/users/admin/users?limit=1000 [36m304[0m 29.219 ms - -[0m
2025-09-23 17:15:25 [INFO]: [0mGET /api/users/admin/users?limit=50 [36m304[0m 8.705 ms - -[0m
2025-09-23 17:15:25 [INFO]: [0mGET /api/movies [36m304[0m 17.777 ms - -[0m
2025-09-23 17:15:25 [INFO]: [0mGET /api/users/admin/users?limit=1000 [36m304[0m 19.262 ms - -[0m
2025-09-23 17:15:25 [INFO]: [0mGET /api/users/admin/users?limit=50 [36m304[0m 4.511 ms - -[0m
2025-09-23 17:15:26 [INFO]: [0mGET /api/movies [36m304[0m 26.696 ms - -[0m
2025-09-23 17:15:26 [INFO]: [0mGET /api/users/admin/users?limit=1000 [36m304[0m 25.393 ms - -[0m
2025-09-23 17:15:26 [INFO]: [0mGET /api/movies [36m304[0m 43.568 ms - -[0m
2025-09-23 17:15:26 [INFO]: [0mGET /api/users/admin/users?limit=1000 [36m304[0m 40.693 ms - -[0m
2025-09-23 17:15:26 [INFO]: [0mGET /api/movies [36m304[0m 20.769 ms - -[0m
2025-09-23 17:15:26 [INFO]: [0mGET /api/movies [36m304[0m 14.965 ms - -[0m
2025-09-23 17:15:57 [INFO]: [0mGET /api/movies [36m304[0m 26.935 ms - -[0m
2025-09-23 17:15:57 [INFO]: [0mGET /api/users/admin/users?limit=50 [36m304[0m 15.338 ms - -[0m
2025-09-23 17:15:57 [INFO]: [0mGET /api/users/admin/users?limit=1000 [36m304[0m 15.195 ms - -[0m
2025-09-23 17:15:57 [INFO]: [0mGET /api/movies [36m304[0m 40.540 ms - -[0m
2025-09-23 17:15:57 [INFO]: [0mGET /api/users/admin/users?limit=50 [36m304[0m 7.080 ms - -[0m
2025-09-23 17:15:57 [INFO]: [0mGET /api/users/admin/users?limit=1000 [36m304[0m 6.525 ms - -[0m
2025-09-23 17:17:30 [INFO]: [0mGET /api/movies/latest?limit=5 [36m304[0m 7.223 ms - -[0m
2025-09-23 17:17:30 [INFO]: [0mGET /api/movies/categories?bLimit=10&sLimit=10&hLimit=10&wLimit=10 [36m304[0m 9.178 ms - -[0m
2025-09-23 17:17:30 [INFO]: [0mGET /api/favorites/ids [36m304[0m 10.041 ms - -[0m
2025-09-23 17:17:30 [INFO]: [0mGET /api/favorites [36m304[0m 16.591 ms - -[0m
2025-09-23 17:17:30 [INFO]: [0mGET /api/favorites/ids [36m304[0m 4.359 ms - -[0m
2025-09-23 17:17:30 [INFO]: [0mGET /api/favorites [36m304[0m 9.655 ms - -[0m
2025-09-23 17:21:15 [INFO]: [0mPOST /api/auth/forgot-password [31m500[0m 51.063 ms - 26[0m
2025-09-23 17:23:18 [INFO]: ✅ MongoDB connected
2025-09-23 17:23:18 [INFO]: 🚀 Server running on port 5000
2025-09-23 17:24:03 [INFO]: ✅ MongoDB connected
2025-09-23 17:24:03 [INFO]: 🚀 Server running on port 5000
2025-09-23 17:24:28 [INFO]: ✅ MongoDB connected
2025-09-23 17:24:28 [INFO]: 🚀 Server running on port 5000
2025-09-23 17:24:29 [INFO]: [0mPOST /api/auth/forgot-password [31m500[0m 29.918 ms - 26[0m
2025-09-23 17:25:25 [INFO]: ✅ MongoDB connected
2025-09-23 17:25:25 [INFO]: 🚀 Server running on port 5000
2025-09-23 17:25:31 [INFO]: [0mPOST /api/auth/forgot-password [31m500[0m 2508.300 ms - 26[0m
2025-09-23 17:27:23 [INFO]: ✅ MongoDB connected
2025-09-23 17:27:23 [INFO]: 🚀 Server running on port 5000
2025-09-23 17:27:30 [INFO]: [0mPOST /api/auth/forgot-password [32m200[0m 4118.860 ms - 49[0m
2025-09-23 17:28:28 [INFO]: ✅ MongoDB connected
2025-09-23 17:28:28 [INFO]: 🚀 Server running on port 5000
2025-09-23 17:28:37 [INFO]: [0mPOST /api/auth/forgot-password [32m200[0m 4336.680 ms - 49[0m
2025-09-23 17:28:51 [INFO]: [0mPOST /api/auth/reset-password/edc615e08db4f7003f49bc5b80fbee4889aec1bc88287a2db88c3c4bc1007550 [32m200[0m 184.741 ms - 39[0m
2025-09-24 10:35:52 [INFO]: ✅ MongoDB connected
2025-09-24 10:35:52 [INFO]: 🚀 Server running on port 5000
2025-09-24 10:36:01 [INFO]: [0mGET /api/movies/latest?limit=5 [32m200[0m 315.345 ms - 40[0m
2025-09-24 10:36:01 [INFO]: [0mGET /api/favorites/ids [32m200[0m 588.435 ms - 11[0m
2025-09-24 10:36:02 [INFO]: [0mGET /api/favorites [32m200[0m 846.159 ms - 30[0m
2025-09-24 10:36:02 [INFO]: [0mGET /api/favorites/ids [36m304[0m 283.563 ms - -[0m
2025-09-24 10:36:02 [INFO]: [0mGET /api/favorites [36m304[0m 554.631 ms - -[0m
2025-09-24 10:36:14 [INFO]: [0mGET /api/movies/categories?bLimit=10&sLimit=10&hLimit=10&wLimit=10 [32m200[0m 13416.672 ms - 182[0m
2025-09-24 10:36:25 [INFO]: [0mGET /api/favorites [33m401[0m 0.712 ms - 31[0m
2025-09-24 10:36:25 [INFO]: [0mGET /api/favorites/ids [33m401[0m 0.988 ms - 31[0m
2025-09-24 10:36:26 [INFO]: [0mGET /api/favorites/ids [36m304[0m 283.259 ms - -[0m
2025-09-24 10:36:26 [INFO]: [0mGET /api/favorites [36m304[0m 552.235 ms - -[0m
2025-09-24 10:36:28 [INFO]: [0mGET /api/favorites [33m401[0m 0.567 ms - 31[0m
2025-09-24 10:36:28 [INFO]: [0mGET /api/favorites/ids [33m401[0m 0.470 ms - 31[0m
2025-09-24 10:36:29 [INFO]: [0mGET /api/favorites/ids [36m304[0m 299.235 ms - -[0m
2025-09-24 10:36:29 [INFO]: [0mGET /api/favorites [36m304[0m 606.807 ms - -[0m
2025-09-24 10:37:03 [INFO]: ✅ MongoDB connected
2025-09-24 10:37:03 [INFO]: 🚀 Server running on port 5000
2025-09-24 10:37:05 [INFO]: [0mGET /api/favorites [33m401[0m 2.947 ms - 31[0m
2025-09-24 10:37:05 [INFO]: [0mGET /api/favorites/ids [33m401[0m 0.634 ms - 31[0m
2025-09-24 10:37:05 [INFO]: [0mGET /api/movies/latest?limit=5 [32m200[0m 303.180 ms - 3413[0m
2025-09-24 10:37:05 [INFO]: [0mGET /api/favorites/ids [36m304[0m 919.331 ms - -[0m
2025-09-24 10:37:06 [INFO]: [0mGET /api/favorites [36m304[0m 1207.909 ms - -[0m
2025-09-24 10:37:08 [INFO]: [0mGET /api/movies/categories?bLimit=10&sLimit=10&hLimit=10&wLimit=10 [32m200[0m 3116.249 ms - 18470[0m
2025-09-24 10:37:40 [INFO]: ✅ New admin registered: joganikrishna8@gmail.com
2025-09-24 10:37:40 [INFO]: [0mPOST /api/admin/register [32m201[0m 664.848 ms - 251[0m
